Flow report for Lab3Part4
Thu Apr 11 15:40:11 2024
Quartus Prime Version 23.1std.0 Build 991 11/28/2023 SC Lite Edition


---------------------
; Table of Contents ;
---------------------
  1. Legal Notice
  2. Flow Summary
  3. Flow Settings
  4. Flow Non-Default Global Settings
  5. Flow Elapsed Time
  6. Flow OS Summary
  7. Flow Log
  8. Flow Messages
  9. Flow Suppressed Messages



----------------
; Legal Notice ;
----------------
Copyright (C) 2023  Intel Corporation. All rights reserved.
Your use of Intel Corporation's design tools, logic functions 
and other software and tools, and any partner logic 
functions, and any output files from any of the foregoing 
(including device programming or simulation files), and any 
associated documentation or information are expressly subject 
to the terms and conditions of the Intel Program License 
Subscription Agreement, the Intel Quartus Prime License Agreement,
the Intel FPGA IP License Agreement, or other applicable license
agreement, including, without limitation, that your use is for
the sole purpose of programming logic devices manufactured by
Intel and sold by Intel or its authorized distributors.  Please
refer to the applicable agreement for further details, at
https://fpgasoftware.intel.com/eula.



+-------------------------------------------------------------------------------------+
; Flow Summary                                                                        ;
+------------------------------------+------------------------------------------------+
; Flow Status                        ; Successful - Thu Apr 11 15:40:11 2024          ;
; Quartus Prime Version              ; 23.1std.0 Build 991 11/28/2023 SC Lite Edition ;
; Revision Name                      ; Lab3Part4                                      ;
; Top-level Entity Name              ; stopwatch                                      ;
; Family                             ; MAX 10                                         ;
; Device                             ; 10M50DAF484C7G                                 ;
; Timing Models                      ; Final                                          ;
; Total logic elements               ; 69 / 49,760 ( < 1 % )                          ;
;     Total combinational functions  ; 69 / 49,760 ( < 1 % )                          ;
;     Dedicated logic registers      ; 14 / 49,760 ( < 1 % )                          ;
; Total registers                    ; 14                                             ;
; Total pins                         ; 16 / 360 ( 4 % )                               ;
; Total virtual pins                 ; 0                                              ;
; Total memory bits                  ; 0 / 1,677,312 ( 0 % )                          ;
; Embedded Multiplier 9-bit elements ; 0 / 288 ( 0 % )                                ;
; Total PLLs                         ; 0 / 4 ( 0 % )                                  ;
; UFM blocks                         ; 0 / 1 ( 0 % )                                  ;
; ADC blocks                         ; 0 / 2 ( 0 % )                                  ;
+------------------------------------+------------------------------------------------+


+-----------------------------------------+
; Flow Settings                           ;
+-------------------+---------------------+
; Option            ; Setting             ;
+-------------------+---------------------+
; Start date & time ; 04/11/2024 15:39:45 ;
; Main task         ; Compilation         ;
; Revision Name     ; Lab3Part4           ;
+-------------------+---------------------+


+-------------------------------------------------------------------------------------------------------------------------------------------------+
; Flow Non-Default Global Settings                                                                                                                ;
+--------------------------------------+----------------------------------------+---------------+-------------+-----------------------------------+
; Assignment Name                      ; Value                                  ; Default Value ; Entity Name ; Section Id                        ;
+--------------------------------------+----------------------------------------+---------------+-------------+-----------------------------------+
; COMPILER_SIGNATURE_ID                ; 52230099337.171287518401528            ; --            ; --          ; --                                ;
; EDA_DESIGN_INSTANCE_NAME             ; NA                                     ; --            ; --          ; watch_tb                          ;
; EDA_DESIGN_INSTANCE_NAME             ; NA                                     ; --            ; --          ; stopwatch_fsm_tb                  ;
; EDA_DESIGN_INSTANCE_NAME             ; NA                                     ; --            ; --          ; stopwatch_tb                      ;
; EDA_DESIGN_INSTANCE_NAME             ; NA                                     ; --            ; --          ; clk_div_tb                        ;
; EDA_GENERATE_FUNCTIONAL_NETLIST      ; Off                                    ; --            ; --          ; eda_board_design_timing           ;
; EDA_GENERATE_FUNCTIONAL_NETLIST      ; Off                                    ; --            ; --          ; eda_board_design_boundary_scan    ;
; EDA_GENERATE_FUNCTIONAL_NETLIST      ; Off                                    ; --            ; --          ; eda_board_design_signal_integrity ;
; EDA_GENERATE_FUNCTIONAL_NETLIST      ; Off                                    ; --            ; --          ; eda_board_design_symbol           ;
; EDA_NATIVELINK_SIMULATION_TEST_BENCH ; stopwatch_tb                           ; --            ; --          ; eda_simulation                    ;
; EDA_OUTPUT_DATA_FORMAT               ; Verilog Hdl                            ; --            ; --          ; eda_simulation                    ;
; EDA_SIMULATION_TOOL                  ; Questa Intel FPGA (Verilog)            ; <None>        ; --          ; --                                ;
; EDA_TEST_BENCH_ENABLE_STATUS         ; TEST_BENCH_MODE                        ; --            ; --          ; eda_simulation                    ;
; EDA_TEST_BENCH_FILE                  ; watch_tb.vhd                           ; --            ; --          ; watch_tb                          ;
; EDA_TEST_BENCH_FILE                  ; stopwatch_fsm_tb.vhd                   ; --            ; --          ; stopwatch_fsm_tb                  ;
; EDA_TEST_BENCH_FILE                  ; stopwatch_tb.vhd                       ; --            ; --          ; stopwatch_tb                      ;
; EDA_TEST_BENCH_FILE                  ; clk_div_tb.vhd                         ; --            ; --          ; clk_div_tb                        ;
; EDA_TEST_BENCH_MODULE_NAME           ; watch_tb                               ; --            ; --          ; watch_tb                          ;
; EDA_TEST_BENCH_MODULE_NAME           ; stopwatch_fsm_tb                       ; --            ; --          ; stopwatch_fsm_tb                  ;
; EDA_TEST_BENCH_MODULE_NAME           ; stopwatch_tb                           ; --            ; --          ; stopwatch_tb                      ;
; EDA_TEST_BENCH_MODULE_NAME           ; clk_div_tb                             ; --            ; --          ; clk_div_tb                        ;
; EDA_TEST_BENCH_NAME                  ; clk_div_tb                             ; --            ; --          ; eda_simulation                    ;
; EDA_TEST_BENCH_NAME                  ; stopwatch_fsm_tb                       ; --            ; --          ; eda_simulation                    ;
; EDA_TEST_BENCH_NAME                  ; watch_tb                               ; --            ; --          ; eda_simulation                    ;
; EDA_TEST_BENCH_NAME                  ; stopwatch_tb                           ; --            ; --          ; eda_simulation                    ;
; EDA_TIME_SCALE                       ; 1 ps                                   ; --            ; --          ; eda_simulation                    ;
; MAX_CORE_JUNCTION_TEMP               ; 85                                     ; --            ; --          ; --                                ;
; MIN_CORE_JUNCTION_TEMP               ; 0                                      ; --            ; --          ; --                                ;
; NUM_PARALLEL_PROCESSORS              ; All                                    ; --            ; --          ; --                                ;
; PARTITION_COLOR                      ; -- (Not supported for targeted family) ; --            ; stopwatch   ; Top                               ;
; PARTITION_FITTER_PRESERVATION_LEVEL  ; -- (Not supported for targeted family) ; --            ; stopwatch   ; Top                               ;
; PARTITION_NETLIST_TYPE               ; -- (Not supported for targeted family) ; --            ; stopwatch   ; Top                               ;
; POWER_BOARD_THERMAL_MODEL            ; None (CONSERVATIVE)                    ; --            ; --          ; --                                ;
; POWER_PRESET_COOLING_SOLUTION        ; 23 MM HEAT SINK WITH 200 LFPM AIRFLOW  ; --            ; --          ; --                                ;
; PROJECT_OUTPUT_DIRECTORY             ; output_files                           ; --            ; --          ; --                                ;
; TOP_LEVEL_ENTITY                     ; stopwatch                              ; Lab3Part4     ; --          ; --                                ;
+--------------------------------------+----------------------------------------+---------------+-------------+-----------------------------------+


+--------------------------------------------------------------------------------------------------------------------------+
; Flow Elapsed Time                                                                                                        ;
+----------------------+--------------+-------------------------+---------------------+------------------------------------+
; Module Name          ; Elapsed Time ; Average Processors Used ; Peak Virtual Memory ; Total CPU Time (on all processors) ;
+----------------------+--------------+-------------------------+---------------------+------------------------------------+
; Analysis & Synthesis ; 00:00:10     ; 1.0                     ; 4801 MB             ; 00:00:11                           ;
; Fitter               ; 00:00:08     ; 1.0                     ; 5361 MB             ; 00:00:07                           ;
; Assembler            ; 00:00:03     ; 1.0                     ; 4716 MB             ; 00:00:02                           ;
; Timing Analyzer      ; 00:00:02     ; 1.0                     ; 4817 MB             ; 00:00:01                           ;
; EDA Netlist Writer   ; 00:00:00     ; 1.0                     ; 4637 MB             ; 00:00:00                           ;
; Total                ; 00:00:23     ; --                      ; --                  ; 00:00:21                           ;
+----------------------+--------------+-------------------------+---------------------+------------------------------------+


+------------------------------------------------------------------------------------+
; Flow OS Summary                                                                    ;
+----------------------+------------------+------------+------------+----------------+
; Module Name          ; Machine Hostname ; OS Name    ; OS Version ; Processor type ;
+----------------------+------------------+------------+------------+----------------+
; Analysis & Synthesis ; X                ; Windows 10 ; 10.0       ; x86_64         ;
; Fitter               ; X                ; Windows 10 ; 10.0       ; x86_64         ;
; Assembler            ; X                ; Windows 10 ; 10.0       ; x86_64         ;
; Timing Analyzer      ; X                ; Windows 10 ; 10.0       ; x86_64         ;
; EDA Netlist Writer   ; X                ; Windows 10 ; 10.0       ; x86_64         ;
+----------------------+------------------+------------+------------+----------------+


------------
; Flow Log ;
------------
quartus_map --read_settings_files=on --write_settings_files=off Lab3Part4 -c Lab3Part4
quartus_fit --read_settings_files=off --write_settings_files=off Lab3Part4 -c Lab3Part4
quartus_asm --read_settings_files=off --write_settings_files=off Lab3Part4 -c Lab3Part4
quartus_sta Lab3Part4 -c Lab3Part4
quartus_eda --read_settings_files=off --write_settings_files=off Lab3Part4 -c Lab3Part4



