Analysis & Synthesis report for Lab3Part4
Thu Apr 11 15:39:54 2024
Quartus Prime Version 23.1std.0 Build 991 11/28/2023 SC Lite Edition


---------------------
; Table of Contents ;
---------------------
  1. Legal Notice
  2. Analysis & Synthesis Summary
  3. Analysis & Synthesis Settings
  4. Parallel Compilation
  5. Analysis & Synthesis Source Files Read
  6. Analysis & Synthesis Resource Usage Summary
  7. Analysis & Synthesis Resource Utilization by Entity
  8. Registers Removed During Synthesis
  9. General Register Statistics
 10. Port Connectivity Checks: "stopwatch_fsm:stopwatch_fsm"
 11. Port Connectivity Checks: "clk_div:clk_div"
 12. Post-Synthesis Netlist Statistics for Top Partition
 13. Elapsed Time Per Partition
 14. Analysis & Synthesis Messages



----------------
; Legal Notice ;
----------------
Copyright (C) 2023  Intel Corporation. All rights reserved.
Your use of Intel Corporation's design tools, logic functions 
and other software and tools, and any partner logic 
functions, and any output files from any of the foregoing 
(including device programming or simulation files), and any 
associated documentation or information are expressly subject 
to the terms and conditions of the Intel Program License 
Subscription Agreement, the Intel Quartus Prime License Agreement,
the Intel FPGA IP License Agreement, or other applicable license
agreement, including, without limitation, that your use is for
the sole purpose of programming logic devices manufactured by
Intel and sold by Intel or its authorized distributors.  Please
refer to the applicable agreement for further details, at
https://fpgasoftware.intel.com/eula.



+-------------------------------------------------------------------------------------+
; Analysis & Synthesis Summary                                                        ;
+------------------------------------+------------------------------------------------+
; Analysis & Synthesis Status        ; Successful - Thu Apr 11 15:39:54 2024          ;
; Quartus Prime Version              ; 23.1std.0 Build 991 11/28/2023 SC Lite Edition ;
; Revision Name                      ; Lab3Part4                                      ;
; Top-level Entity Name              ; stopwatch                                      ;
; Family                             ; MAX 10                                         ;
; Total logic elements               ; 68                                             ;
;     Total combinational functions  ; 68                                             ;
;     Dedicated logic registers      ; 14                                             ;
; Total registers                    ; 14                                             ;
; Total pins                         ; 16                                             ;
; Total virtual pins                 ; 0                                              ;
; Total memory bits                  ; 0                                              ;
; Embedded Multiplier 9-bit elements ; 0                                              ;
; Total PLLs                         ; 0                                              ;
; UFM blocks                         ; 0                                              ;
; ADC blocks                         ; 0                                              ;
+------------------------------------+------------------------------------------------+


+------------------------------------------------------------------------------------------------------------+
; Analysis & Synthesis Settings                                                                              ;
+------------------------------------------------------------------+--------------------+--------------------+
; Option                                                           ; Setting            ; Default Value      ;
+------------------------------------------------------------------+--------------------+--------------------+
; Device                                                           ; 10M50DAF484C7G     ;                    ;
; Top-level entity name                                            ; stopwatch          ; Lab3Part4          ;
; Family name                                                      ; MAX 10             ; Cyclone V          ;
; Maximum processors allowed for parallel compilation              ; All                ;                    ;
; Use smart compilation                                            ; Off                ; Off                ;
; Enable parallel Assembler and Timing Analyzer during compilation ; On                 ; On                 ;
; Enable compact report table                                      ; Off                ; Off                ;
; Restructure Multiplexers                                         ; Auto               ; Auto               ;
; Create Debugging Nodes for IP Cores                              ; Off                ; Off                ;
; Preserve fewer node names                                        ; On                 ; On                 ;
; Intel FPGA IP Evaluation Mode                                    ; Enable             ; Enable             ;
; Verilog Version                                                  ; Verilog_2001       ; Verilog_2001       ;
; VHDL Version                                                     ; VHDL_1993          ; VHDL_1993          ;
; State Machine Processing                                         ; Auto               ; Auto               ;
; Safe State Machine                                               ; Off                ; Off                ;
; Extract Verilog State Machines                                   ; On                 ; On                 ;
; Extract VHDL State Machines                                      ; On                 ; On                 ;
; Ignore Verilog initial constructs                                ; Off                ; Off                ;
; Iteration limit for constant Verilog loops                       ; 5000               ; 5000               ;
; Iteration limit for non-constant Verilog loops                   ; 250                ; 250                ;
; Add Pass-Through Logic to Inferred RAMs                          ; On                 ; On                 ;
; Infer RAMs from Raw Logic                                        ; On                 ; On                 ;
; Parallel Synthesis                                               ; On                 ; On                 ;
; DSP Block Balancing                                              ; Auto               ; Auto               ;
; NOT Gate Push-Back                                               ; On                 ; On                 ;
; Power-Up Don't Care                                              ; On                 ; On                 ;
; Remove Redundant Logic Cells                                     ; Off                ; Off                ;
; Remove Duplicate Registers                                       ; On                 ; On                 ;
; Ignore CARRY Buffers                                             ; Off                ; Off                ;
; Ignore CASCADE Buffers                                           ; Off                ; Off                ;
; Ignore GLOBAL Buffers                                            ; Off                ; Off                ;
; Ignore ROW GLOBAL Buffers                                        ; Off                ; Off                ;
; Ignore LCELL Buffers                                             ; Off                ; Off                ;
; Ignore SOFT Buffers                                              ; On                 ; On                 ;
; Limit AHDL Integers to 32 Bits                                   ; Off                ; Off                ;
; Optimization Technique                                           ; Balanced           ; Balanced           ;
; Carry Chain Length                                               ; 70                 ; 70                 ;
; Auto Carry Chains                                                ; On                 ; On                 ;
; Auto Open-Drain Pins                                             ; On                 ; On                 ;
; Perform WYSIWYG Primitive Resynthesis                            ; Off                ; Off                ;
; Auto ROM Replacement                                             ; On                 ; On                 ;
; Auto RAM Replacement                                             ; On                 ; On                 ;
; Auto DSP Block Replacement                                       ; On                 ; On                 ;
; Auto Shift Register Replacement                                  ; Auto               ; Auto               ;
; Allow Shift Register Merging across Hierarchies                  ; Auto               ; Auto               ;
; Auto Clock Enable Replacement                                    ; On                 ; On                 ;
; Strict RAM Replacement                                           ; Off                ; Off                ;
; Allow Synchronous Control Signals                                ; On                 ; On                 ;
; Force Use of Synchronous Clear Signals                           ; Off                ; Off                ;
; Auto RAM Block Balancing                                         ; On                 ; On                 ;
; Auto RAM to Logic Cell Conversion                                ; Off                ; Off                ;
; Auto Resource Sharing                                            ; Off                ; Off                ;
; Allow Any RAM Size For Recognition                               ; Off                ; Off                ;
; Allow Any ROM Size For Recognition                               ; Off                ; Off                ;
; Allow Any Shift Register Size For Recognition                    ; Off                ; Off                ;
; Use LogicLock Constraints during Resource Balancing              ; On                 ; On                 ;
; Ignore translate_off and synthesis_off directives                ; Off                ; Off                ;
; Timing-Driven Synthesis                                          ; On                 ; On                 ;
; Report Parameter Settings                                        ; On                 ; On                 ;
; Report Source Assignments                                        ; On                 ; On                 ;
; Report Connectivity Checks                                       ; On                 ; On                 ;
; Ignore Maximum Fan-Out Assignments                               ; Off                ; Off                ;
; Synchronization Register Chain Length                            ; 2                  ; 2                  ;
; Power Optimization During Synthesis                              ; Normal compilation ; Normal compilation ;
; HDL message level                                                ; Level2             ; Level2             ;
; Suppress Register Optimization Related Messages                  ; Off                ; Off                ;
; Number of Removed Registers Reported in Synthesis Report         ; 5000               ; 5000               ;
; Number of Swept Nodes Reported in Synthesis Report               ; 5000               ; 5000               ;
; Number of Inverted Registers Reported in Synthesis Report        ; 100                ; 100                ;
; Clock MUX Protection                                             ; On                 ; On                 ;
; Auto Gated Clock Conversion                                      ; Off                ; Off                ;
; Block Design Naming                                              ; Auto               ; Auto               ;
; SDC constraint protection                                        ; Off                ; Off                ;
; Synthesis Effort                                                 ; Auto               ; Auto               ;
; Shift Register Replacement - Allow Asynchronous Clear Signal     ; On                 ; On                 ;
; Pre-Mapping Resynthesis Optimization                             ; Off                ; Off                ;
; Analysis & Synthesis Message Level                               ; Medium             ; Medium             ;
; Disable Register Merging Across Hierarchies                      ; Auto               ; Auto               ;
; Resource Aware Inference For Block RAM                           ; On                 ; On                 ;
+------------------------------------------------------------------+--------------------+--------------------+


+------------------------------------------+
; Parallel Compilation                     ;
+----------------------------+-------------+
; Processors                 ; Number      ;
+----------------------------+-------------+
; Number detected on machine ; 2           ;
; Maximum allowed            ; 2           ;
;                            ;             ;
; Average used               ; 1.00        ;
; Maximum used               ; 2           ;
;                            ;             ;
; Usage by Processor         ; % Time Used ;
;     Processor 1            ; 100.0%      ;
;     Processor 2            ;   0.0%      ;
+----------------------------+-------------+


+----------------------------------------------------------------------------------------------------------------------------------------------------------+
; Analysis & Synthesis Source Files Read                                                                                                                   ;
+----------------------------------+-----------------+-----------------+-------------------------------------------------------------------------+---------+
; File Name with User-Entered Path ; Used in Netlist ; File Type       ; File Name with Absolute Path                                            ; Library ;
+----------------------------------+-----------------+-----------------+-------------------------------------------------------------------------+---------+
; stopwatch.vhd                    ; yes             ; User VHDL File  ; C:/Users/XP/Documents/CPE 166/FPGA Projects/Lab3Part4/stopwatch.vhd     ;         ;
; watch.vhd                        ; yes             ; User VHDL File  ; C:/Users/XP/Documents/CPE 166/FPGA Projects/Lab3Part4/watch.vhd         ;         ;
; stopwatch_fsm.vhd                ; yes             ; User VHDL File  ; C:/Users/XP/Documents/CPE 166/FPGA Projects/Lab3Part4/stopwatch_fsm.vhd ;         ;
; clk_div.vhd                      ; yes             ; User VHDL File  ; C:/Users/XP/Documents/CPE 166/FPGA Projects/Lab3Part4/clk_div.vhd       ;         ;
+----------------------------------+-----------------+-----------------+-------------------------------------------------------------------------+---------+


+---------------------------------------------------------------------+
; Analysis & Synthesis Resource Usage Summary                         ;
+---------------------------------------------+-----------------------+
; Resource                                    ; Usage                 ;
+---------------------------------------------+-----------------------+
; Estimated Total logic elements              ; 68                    ;
;                                             ;                       ;
; Total combinational functions               ; 68                    ;
; Logic element usage by number of LUT inputs ;                       ;
;     -- 4 input functions                    ; 44                    ;
;     -- 3 input functions                    ; 3                     ;
;     -- <=2 input functions                  ; 21                    ;
;                                             ;                       ;
; Logic elements by mode                      ;                       ;
;     -- normal mode                          ; 59                    ;
;     -- arithmetic mode                      ; 9                     ;
;                                             ;                       ;
; Total registers                             ; 14                    ;
;     -- Dedicated logic registers            ; 14                    ;
;     -- I/O registers                        ; 0                     ;
;                                             ;                       ;
; I/O pins                                    ; 16                    ;
;                                             ;                       ;
; Embedded Multiplier 9-bit elements          ; 0                     ;
;                                             ;                       ;
; Maximum fan-out node                        ; clk_div:clk_div|clk_o ;
; Maximum fan-out                             ; 11                    ;
; Total fan-out                               ; 292                   ;
; Average fan-out                             ; 2.56                  ;
+---------------------------------------------+-----------------------+


+---------------------------------------------------------------------------------------------------------------------------------------------------------------------------------------------------------------------------------------------------------------+
; Analysis & Synthesis Resource Utilization by Entity                                                                                                                                                                                                           ;
+----------------------------------+---------------------+---------------------------+-------------+------------+--------------+---------+-----------+------+--------------+------------+----------------------------------------+---------------+--------------+
; Compilation Hierarchy Node       ; Combinational ALUTs ; Dedicated Logic Registers ; Memory Bits ; UFM Blocks ; DSP Elements ; DSP 9x9 ; DSP 18x18 ; Pins ; Virtual Pins ; ADC blocks ; Full Hierarchy Name                    ; Entity Name   ; Library Name ;
+----------------------------------+---------------------+---------------------------+-------------+------------+--------------+---------+-----------+------+--------------+------------+----------------------------------------+---------------+--------------+
; |stopwatch                       ; 68 (0)              ; 14 (0)                    ; 0           ; 0          ; 0            ; 0       ; 0         ; 16   ; 0            ; 0          ; |stopwatch                             ; stopwatch     ; work         ;
;    |clk_div:clk_div|             ; 3 (3)               ; 3 (3)                     ; 0           ; 0          ; 0            ; 0       ; 0         ; 0    ; 0            ; 0          ; |stopwatch|clk_div:clk_div             ; clk_div       ; work         ;
;    |stopwatch_fsm:stopwatch_fsm| ; 1 (1)               ; 1 (1)                     ; 0           ; 0          ; 0            ; 0       ; 0         ; 0    ; 0            ; 0          ; |stopwatch|stopwatch_fsm:stopwatch_fsm ; stopwatch_fsm ; work         ;
;    |watch:watch|                 ; 64 (64)             ; 10 (10)                   ; 0           ; 0          ; 0            ; 0       ; 0         ; 0    ; 0            ; 0          ; |stopwatch|watch:watch                 ; watch         ; work         ;
+----------------------------------+---------------------+---------------------------+-------------+------------+--------------+---------+-----------+------+--------------+------------+----------------------------------------+---------------+--------------+
Note: For table entries with two numbers listed, the numbers in parentheses indicate the number of resources of the given type used by the specific entity alone. The numbers listed outside of parentheses indicate the total resources of the given type used by the specific entity and all of its sub-entities in the hierarchy.


+--------------------------------------------------------------------------------+
; Registers Removed During Synthesis                                             ;
+---------------------------------------+----------------------------------------+
; Register name                         ; Reason for Removal                     ;
+---------------------------------------+----------------------------------------+
; stopwatch_fsm:stopwatch_fsm|cs[1]     ; Stuck at GND due to stuck port data_in ;
; Total Number of Removed Registers = 1 ;                                        ;
+---------------------------------------+----------------------------------------+


+------------------------------------------------------+
; General Register Statistics                          ;
+----------------------------------------------+-------+
; Statistic                                    ; Value ;
+----------------------------------------------+-------+
; Total registers                              ; 14    ;
; Number of registers using Synchronous Clear  ; 0     ;
; Number of registers using Synchronous Load   ; 0     ;
; Number of registers using Asynchronous Clear ; 11    ;
; Number of registers using Asynchronous Load  ; 0     ;
; Number of registers using Clock Enable       ; 2     ;
; Number of registers using Preset             ; 0     ;
+----------------------------------------------+-------+


+----------------------------------------------------------------------------------------------------------------+
; Port Connectivity Checks: "stopwatch_fsm:stopwatch_fsm"                                                        ;
+------+--------+----------+-------------------------------------------------------------------------------------+
; Port ; Type   ; Severity ; Details                                                                             ;
+------+--------+----------+-------------------------------------------------------------------------------------+
; cs_o ; Output ; Info     ; Connected to dangling logic. Logic that only feeds a dangling port will be removed. ;
; ns_o ; Output ; Info     ; Connected to dangling logic. Logic that only feeds a dangling port will be removed. ;
+------+--------+----------+-------------------------------------------------------------------------------------+


+-------------------------------------------------------------------------------------------------------------------+
; Port Connectivity Checks: "clk_div:clk_div"                                                                       ;
+---------+--------+----------+-------------------------------------------------------------------------------------+
; Port    ; Type   ; Severity ; Details                                                                             ;
+---------+--------+----------+-------------------------------------------------------------------------------------+
; count_o ; Output ; Info     ; Connected to dangling logic. Logic that only feeds a dangling port will be removed. ;
+---------+--------+----------+-------------------------------------------------------------------------------------+


+-----------------------------------------------------+
; Post-Synthesis Netlist Statistics for Top Partition ;
+-----------------------+-----------------------------+
; Type                  ; Count                       ;
+-----------------------+-----------------------------+
; boundary_port         ; 16                          ;
; cycloneiii_ff         ; 14                          ;
;     CLR               ; 11                          ;
;     ENA               ; 2                           ;
;     plain             ; 1                           ;
; cycloneiii_lcell_comb ; 71                          ;
;     arith             ; 9                           ;
;         2 data inputs ; 9                           ;
;     normal            ; 62                          ;
;         1 data inputs ; 7                           ;
;         2 data inputs ; 8                           ;
;         3 data inputs ; 3                           ;
;         4 data inputs ; 44                          ;
;                       ;                             ;
; Max LUT depth         ; 8.00                        ;
; Average LUT depth     ; 4.88                        ;
+-----------------------+-----------------------------+


+-------------------------------+
; Elapsed Time Per Partition    ;
+----------------+--------------+
; Partition Name ; Elapsed Time ;
+----------------+--------------+
; Top            ; 00:00:01     ;
+----------------+--------------+


+-------------------------------+
; Analysis & Synthesis Messages ;
+-------------------------------+
Info: *******************************************************************
Info: Running Quartus Prime Analysis & Synthesis
    Info: Version 23.1std.0 Build 991 11/28/2023 SC Lite Edition
    Info: Processing started: Thu Apr 11 15:39:44 2024
Info: Command: quartus_map --read_settings_files=on --write_settings_files=off Lab3Part4 -c Lab3Part4
Info (20030): Parallel compilation is enabled and will use 2 of the 2 processors detected
Info (12021): Found 2 design units, including 1 entities, in source file stopwatch.vhd
    Info (12022): Found design unit 1: stopwatch-interface File: C:/Users/XP/Documents/CPE 166/FPGA Projects/Lab3Part4/stopwatch.vhd Line: 16
    Info (12023): Found entity 1: stopwatch File: C:/Users/XP/Documents/CPE 166/FPGA Projects/Lab3Part4/stopwatch.vhd Line: 7
Info (12021): Found 2 design units, including 1 entities, in source file watch.vhd
    Info (12022): Found design unit 1: watch-beh File: C:/Users/XP/Documents/CPE 166/FPGA Projects/Lab3Part4/watch.vhd Line: 18
    Info (12023): Found entity 1: watch File: C:/Users/XP/Documents/CPE 166/FPGA Projects/Lab3Part4/watch.vhd Line: 9
Info (12021): Found 2 design units, including 1 entities, in source file watch_tb.vhd
    Info (12022): Found design unit 1: watch_tb-beh File: C:/Users/XP/Documents/CPE 166/FPGA Projects/Lab3Part4/watch_tb.vhd Line: 13
    Info (12023): Found entity 1: watch_tb File: C:/Users/XP/Documents/CPE 166/FPGA Projects/Lab3Part4/watch_tb.vhd Line: 9
Info (12021): Found 2 design units, including 1 entities, in source file stopwatch_fsm.vhd
    Info (12022): Found design unit 1: stopwatch_fsm-beh File: C:/Users/XP/Documents/CPE 166/FPGA Projects/Lab3Part4/stopwatch_fsm.vhd Line: 17
    Info (12023): Found entity 1: stopwatch_fsm File: C:/Users/XP/Documents/CPE 166/FPGA Projects/Lab3Part4/stopwatch_fsm.vhd Line: 7
Info (12021): Found 2 design units, including 1 entities, in source file stopwatch_fsm_tb.vhd
    Info (12022): Found design unit 1: stopwatch_fsm_tb-beh File: C:/Users/XP/Documents/CPE 166/FPGA Projects/Lab3Part4/stopwatch_fsm_tb.vhd Line: 11
    Info (12023): Found entity 1: stopwatch_fsm_tb File: C:/Users/XP/Documents/CPE 166/FPGA Projects/Lab3Part4/stopwatch_fsm_tb.vhd Line: 7
Info (12021): Found 2 design units, including 1 entities, in source file clk_div_tb.vhd
    Info (12022): Found design unit 1: clk_div_tb-beh File: C:/Users/XP/Documents/CPE 166/FPGA Projects/Lab3Part4/clk_div_tb.vhd Line: 11
    Info (12023): Found entity 1: clk_div_tb File: C:/Users/XP/Documents/CPE 166/FPGA Projects/Lab3Part4/clk_div_tb.vhd Line: 7
Info (12021): Found 2 design units, including 1 entities, in source file clk_div.vhd
    Info (12022): Found design unit 1: clk_div-beh File: C:/Users/XP/Documents/CPE 166/FPGA Projects/Lab3Part4/clk_div.vhd Line: 18
    Info (12023): Found entity 1: clk_div File: C:/Users/XP/Documents/CPE 166/FPGA Projects/Lab3Part4/clk_div.vhd Line: 9
Info (12021): Found 2 design units, including 1 entities, in source file stopwatch_tb.vhd
    Info (12022): Found design unit 1: stopwatch_tb-beh File: C:/Users/XP/Documents/CPE 166/FPGA Projects/Lab3Part4/stopwatch_tb.vhd Line: 11
    Info (12023): Found entity 1: stopwatch_tb File: C:/Users/XP/Documents/CPE 166/FPGA Projects/Lab3Part4/stopwatch_tb.vhd Line: 7
Info (12127): Elaborating entity "stopwatch" for the top level hierarchy
Info (12128): Elaborating entity "clk_div" for hierarchy "clk_div:clk_div" File: C:/Users/XP/Documents/CPE 166/FPGA Projects/Lab3Part4/stopwatch.vhd Line: 24
Info (12128): Elaborating entity "stopwatch_fsm" for hierarchy "stopwatch_fsm:stopwatch_fsm" File: C:/Users/XP/Documents/CPE 166/FPGA Projects/Lab3Part4/stopwatch.vhd Line: 31
Warning (10631): VHDL Process Statement warning at stopwatch_fsm.vhd(28): inferring latch(es) for signal or variable "en_o", which holds its previous value in one or more paths through the process File: C:/Users/XP/Documents/CPE 166/FPGA Projects/Lab3Part4/stopwatch_fsm.vhd Line: 28
Info (10041): Inferred latch for "en_o" at stopwatch_fsm.vhd(28) File: C:/Users/XP/Documents/CPE 166/FPGA Projects/Lab3Part4/stopwatch_fsm.vhd Line: 28
Info (12128): Elaborating entity "watch" for hierarchy "watch:watch" File: C:/Users/XP/Documents/CPE 166/FPGA Projects/Lab3Part4/stopwatch.vhd Line: 42
Warning (14026): LATCH primitive "stopwatch_fsm:stopwatch_fsm|en_o" is permanently enabled File: C:/Users/XP/Documents/CPE 166/FPGA Projects/Lab3Part4/stopwatch_fsm.vhd Line: 11
Warning (14026): LATCH primitive "stopwatch_fsm:stopwatch_fsm|en_o" is permanently enabled File: C:/Users/XP/Documents/CPE 166/FPGA Projects/Lab3Part4/stopwatch_fsm.vhd Line: 11
Info (286030): Timing-Driven Synthesis is running
Info (16010): Generating hard_block partition "hard_block:auto_generated_inst"
    Info (16011): Adding 0 node(s), including 0 DDIO, 0 PLL, 0 transceiver and 0 LCELL
Info (21057): Implemented 84 device resources after synthesis - the final resource count might be different
    Info (21058): Implemented 4 input pins
    Info (21059): Implemented 12 output pins
    Info (21061): Implemented 68 logic cells
Info: Quartus Prime Analysis & Synthesis was successful. 0 errors, 3 warnings
    Info: Peak virtual memory: 4801 megabytes
    Info: Processing ended: Thu Apr 11 15:39:54 2024
    Info: Elapsed time: 00:00:10
    Info: Total CPU time (on all processors): 00:00:11


