Analysis & Synthesis report for traffic_signal_control_system
Sat May  4 15:14:58 2024
Quartus Prime Version 23.1std.0 Build 991 11/28/2023 SC Lite Edition


---------------------
; Table of Contents ;
---------------------
  1. Legal Notice
  2. Analysis & Synthesis Summary
  3. Analysis & Synthesis Settings
  4. Parallel Compilation
  5. Analysis & Synthesis Source Files Read
  6. Analysis & Synthesis Resource Usage Summary
  7. Analysis & Synthesis Resource Utilization by Entity
  8. State Machine - |traffic_signal_control_system|cs
  9. Registers Removed During Synthesis
 10. General Register Statistics
 11. Inverted Register Statistics
 12. Parameter Settings for User Entity Instance: Top-level Entity: |traffic_signal_control_system
 13. Post-Synthesis Netlist Statistics for Top Partition
 14. Elapsed Time Per Partition
 15. Analysis & Synthesis Messages



----------------
; Legal Notice ;
----------------
Copyright (C) 2023  Intel Corporation. All rights reserved.
Your use of Intel Corporation's design tools, logic functions 
and other software and tools, and any partner logic 
functions, and any output files from any of the foregoing 
(including device programming or simulation files), and any 
associated documentation or information are expressly subject 
to the terms and conditions of the Intel Program License 
Subscription Agreement, the Intel Quartus Prime License Agreement,
the Intel FPGA IP License Agreement, or other applicable license
agreement, including, without limitation, that your use is for
the sole purpose of programming logic devices manufactured by
Intel and sold by Intel or its authorized distributors.  Please
refer to the applicable agreement for further details, at
https://fpgasoftware.intel.com/eula.



+-------------------------------------------------------------------------------------+
; Analysis & Synthesis Summary                                                        ;
+------------------------------------+------------------------------------------------+
; Analysis & Synthesis Status        ; Successful - Sat May  4 15:14:58 2024          ;
; Quartus Prime Version              ; 23.1std.0 Build 991 11/28/2023 SC Lite Edition ;
; Revision Name                      ; traffic_signal_control_system                  ;
; Top-level Entity Name              ; traffic_signal_control_system                  ;
; Family                             ; MAX 10                                         ;
; Total logic elements               ; 45                                             ;
;     Total combinational functions  ; 33                                             ;
;     Dedicated logic registers      ; 21                                             ;
; Total registers                    ; 21                                             ;
; Total pins                         ; 22                                             ;
; Total virtual pins                 ; 0                                              ;
; Total memory bits                  ; 0                                              ;
; Embedded Multiplier 9-bit elements ; 0                                              ;
; Total PLLs                         ; 0                                              ;
; UFM blocks                         ; 0                                              ;
; ADC blocks                         ; 0                                              ;
+------------------------------------+------------------------------------------------+


+----------------------------------------------------------------------------------------------------------------------------------+
; Analysis & Synthesis Settings                                                                                                    ;
+------------------------------------------------------------------+-------------------------------+-------------------------------+
; Option                                                           ; Setting                       ; Default Value                 ;
+------------------------------------------------------------------+-------------------------------+-------------------------------+
; Device                                                           ; 10M50DAF484C7G                ;                               ;
; Top-level entity name                                            ; traffic_signal_control_system ; traffic_signal_control_system ;
; Family name                                                      ; MAX 10                        ; Cyclone V                     ;
; Maximum processors allowed for parallel compilation              ; All                           ;                               ;
; Use smart compilation                                            ; Off                           ; Off                           ;
; Enable parallel Assembler and Timing Analyzer during compilation ; On                            ; On                            ;
; Enable compact report table                                      ; Off                           ; Off                           ;
; Restructure Multiplexers                                         ; Auto                          ; Auto                          ;
; Create Debugging Nodes for IP Cores                              ; Off                           ; Off                           ;
; Preserve fewer node names                                        ; On                            ; On                            ;
; Intel FPGA IP Evaluation Mode                                    ; Enable                        ; Enable                        ;
; Verilog Version                                                  ; Verilog_2001                  ; Verilog_2001                  ;
; VHDL Version                                                     ; VHDL_1993                     ; VHDL_1993                     ;
; State Machine Processing                                         ; Auto                          ; Auto                          ;
; Safe State Machine                                               ; Off                           ; Off                           ;
; Extract Verilog State Machines                                   ; On                            ; On                            ;
; Extract VHDL State Machines                                      ; On                            ; On                            ;
; Ignore Verilog initial constructs                                ; Off                           ; Off                           ;
; Iteration limit for constant Verilog loops                       ; 5000                          ; 5000                          ;
; Iteration limit for non-constant Verilog loops                   ; 250                           ; 250                           ;
; Add Pass-Through Logic to Inferred RAMs                          ; On                            ; On                            ;
; Infer RAMs from Raw Logic                                        ; On                            ; On                            ;
; Parallel Synthesis                                               ; On                            ; On                            ;
; DSP Block Balancing                                              ; Auto                          ; Auto                          ;
; NOT Gate Push-Back                                               ; On                            ; On                            ;
; Power-Up Don't Care                                              ; On                            ; On                            ;
; Remove Redundant Logic Cells                                     ; Off                           ; Off                           ;
; Remove Duplicate Registers                                       ; On                            ; On                            ;
; Ignore CARRY Buffers                                             ; Off                           ; Off                           ;
; Ignore CASCADE Buffers                                           ; Off                           ; Off                           ;
; Ignore GLOBAL Buffers                                            ; Off                           ; Off                           ;
; Ignore ROW GLOBAL Buffers                                        ; Off                           ; Off                           ;
; Ignore LCELL Buffers                                             ; Off                           ; Off                           ;
; Ignore SOFT Buffers                                              ; On                            ; On                            ;
; Limit AHDL Integers to 32 Bits                                   ; Off                           ; Off                           ;
; Optimization Technique                                           ; Balanced                      ; Balanced                      ;
; Carry Chain Length                                               ; 70                            ; 70                            ;
; Auto Carry Chains                                                ; On                            ; On                            ;
; Auto Open-Drain Pins                                             ; On                            ; On                            ;
; Perform WYSIWYG Primitive Resynthesis                            ; Off                           ; Off                           ;
; Auto ROM Replacement                                             ; On                            ; On                            ;
; Auto RAM Replacement                                             ; On                            ; On                            ;
; Auto DSP Block Replacement                                       ; On                            ; On                            ;
; Auto Shift Register Replacement                                  ; Auto                          ; Auto                          ;
; Allow Shift Register Merging across Hierarchies                  ; Auto                          ; Auto                          ;
; Auto Clock Enable Replacement                                    ; On                            ; On                            ;
; Strict RAM Replacement                                           ; Off                           ; Off                           ;
; Allow Synchronous Control Signals                                ; On                            ; On                            ;
; Force Use of Synchronous Clear Signals                           ; Off                           ; Off                           ;
; Auto RAM Block Balancing                                         ; On                            ; On                            ;
; Auto RAM to Logic Cell Conversion                                ; Off                           ; Off                           ;
; Auto Resource Sharing                                            ; Off                           ; Off                           ;
; Allow Any RAM Size For Recognition                               ; Off                           ; Off                           ;
; Allow Any ROM Size For Recognition                               ; Off                           ; Off                           ;
; Allow Any Shift Register Size For Recognition                    ; Off                           ; Off                           ;
; Use LogicLock Constraints during Resource Balancing              ; On                            ; On                            ;
; Ignore translate_off and synthesis_off directives                ; Off                           ; Off                           ;
; Timing-Driven Synthesis                                          ; On                            ; On                            ;
; Report Parameter Settings                                        ; On                            ; On                            ;
; Report Source Assignments                                        ; On                            ; On                            ;
; Report Connectivity Checks                                       ; On                            ; On                            ;
; Ignore Maximum Fan-Out Assignments                               ; Off                           ; Off                           ;
; Synchronization Register Chain Length                            ; 2                             ; 2                             ;
; Power Optimization During Synthesis                              ; Normal compilation            ; Normal compilation            ;
; HDL message level                                                ; Level2                        ; Level2                        ;
; Suppress Register Optimization Related Messages                  ; Off                           ; Off                           ;
; Number of Removed Registers Reported in Synthesis Report         ; 5000                          ; 5000                          ;
; Number of Swept Nodes Reported in Synthesis Report               ; 5000                          ; 5000                          ;
; Number of Inverted Registers Reported in Synthesis Report        ; 100                           ; 100                           ;
; Clock MUX Protection                                             ; On                            ; On                            ;
; Auto Gated Clock Conversion                                      ; Off                           ; Off                           ;
; Block Design Naming                                              ; Auto                          ; Auto                          ;
; SDC constraint protection                                        ; Off                           ; Off                           ;
; Synthesis Effort                                                 ; Auto                          ; Auto                          ;
; Shift Register Replacement - Allow Asynchronous Clear Signal     ; On                            ; On                            ;
; Pre-Mapping Resynthesis Optimization                             ; Off                           ; Off                           ;
; Analysis & Synthesis Message Level                               ; Medium                        ; Medium                        ;
; Disable Register Merging Across Hierarchies                      ; Auto                          ; Auto                          ;
; Resource Aware Inference For Block RAM                           ; On                            ; On                            ;
+------------------------------------------------------------------+-------------------------------+-------------------------------+


+------------------------------------------+
; Parallel Compilation                     ;
+----------------------------+-------------+
; Processors                 ; Number      ;
+----------------------------+-------------+
; Number detected on machine ; 2           ;
; Maximum allowed            ; 2           ;
;                            ;             ;
; Average used               ; 1.00        ;
; Maximum used               ; 2           ;
;                            ;             ;
; Usage by Processor         ; % Time Used ;
;     Processor 1            ; 100.0%      ;
;     Processor 2            ;   0.0%      ;
+----------------------------+-------------+


+-----------------------------------------------------------------------------------------------------------------------------------------------------------------------------------------+
; Analysis & Synthesis Source Files Read                                                                                                                                                  ;
+----------------------------------+-----------------+------------------------------+-------------------------------------------------------------------------------------------+---------+
; File Name with User-Entered Path ; Used in Netlist ; File Type                    ; File Name with Absolute Path                                                              ; Library ;
+----------------------------------+-----------------+------------------------------+-------------------------------------------------------------------------------------------+---------+
; traffic_signal_control_system.sv ; yes             ; User SystemVerilog HDL File  ; C:/Users/XP/Documents/CPE 166/TrafficSignalControlSystem/traffic_signal_control_system.sv ;         ;
; traffic_signal_colors_pkg.sv     ; yes             ; User SystemVerilog HDL File  ; C:/Users/XP/Documents/CPE 166/TrafficSignalControlSystem/traffic_signal_colors_pkg.sv     ;         ;
+----------------------------------+-----------------+------------------------------+-------------------------------------------------------------------------------------------+---------+


+---------------------------------------------------------+
; Analysis & Synthesis Resource Usage Summary             ;
+---------------------------------------------+-----------+
; Resource                                    ; Usage     ;
+---------------------------------------------+-----------+
; Estimated Total logic elements              ; 45        ;
;                                             ;           ;
; Total combinational functions               ; 33        ;
; Logic element usage by number of LUT inputs ;           ;
;     -- 4 input functions                    ; 12        ;
;     -- 3 input functions                    ; 0         ;
;     -- <=2 input functions                  ; 21        ;
;                                             ;           ;
; Logic elements by mode                      ;           ;
;     -- normal mode                          ; 26        ;
;     -- arithmetic mode                      ; 7         ;
;                                             ;           ;
; Total registers                             ; 21        ;
;     -- Dedicated logic registers            ; 21        ;
;     -- I/O registers                        ; 0         ;
;                                             ;           ;
; I/O pins                                    ; 22        ;
;                                             ;           ;
; Embedded Multiplier 9-bit elements          ; 0         ;
;                                             ;           ;
; Maximum fan-out node                        ; clk~input ;
; Maximum fan-out                             ; 21        ;
; Total fan-out                               ; 205       ;
; Average fan-out                             ; 2.09      ;
+---------------------------------------------+-----------+


+---------------------------------------------------------------------------------------------------------------------------------------------------------------------------------------------------------------------------------------------------------------------+
; Analysis & Synthesis Resource Utilization by Entity                                                                                                                                                                                                                 ;
+--------------------------------+---------------------+---------------------------+-------------+------------+--------------+---------+-----------+------+--------------+------------+--------------------------------+-------------------------------+--------------+
; Compilation Hierarchy Node     ; Combinational ALUTs ; Dedicated Logic Registers ; Memory Bits ; UFM Blocks ; DSP Elements ; DSP 9x9 ; DSP 18x18 ; Pins ; Virtual Pins ; ADC blocks ; Full Hierarchy Name            ; Entity Name                   ; Library Name ;
+--------------------------------+---------------------+---------------------------+-------------+------------+--------------+---------+-----------+------+--------------+------------+--------------------------------+-------------------------------+--------------+
; |traffic_signal_control_system ; 33 (33)             ; 21 (21)                   ; 0           ; 0          ; 0            ; 0       ; 0         ; 22   ; 0            ; 0          ; |traffic_signal_control_system ; traffic_signal_control_system ; work         ;
+--------------------------------+---------------------+---------------------------+-------------+------------+--------------+---------+-----------+------+--------------+------------+--------------------------------+-------------------------------+--------------+
Note: For table entries with two numbers listed, the numbers in parentheses indicate the number of resources of the given type used by the specific entity alone. The numbers listed outside of parentheses indicate the total resources of the given type used by the specific entity and all of its sub-entities in the hierarchy.


Encoding Type:  One-Hot
+-----------------------------------------------------------------------------------------------------------------------------------------------------------------------------------------------------------------------+
; State Machine - |traffic_signal_control_system|cs                                                                                                                                                                     ;
+-----------------+-------------+-------------+--------------+-----------------+--------------+-------------+-------------+-------------+--------------+-----------------+--------------+-------------+-----------------+
; Name            ; cs.EB_ALL_Y ; cs.EB_ALL_G ; cs.EB_G_WB_Y ; cs.EW_THROUGH_G ; cs.WB_TURN_Y ; cs.WB_ALL_G ; cs.NB_ALL_Y ; cs.NB_ALL_G ; cs.NB_G_SB_Y ; cs.NS_THROUGH_G ; cs.SB_TURN_Y ; cs.SB_ALL_G ; cs.FLASHING_RED ;
+-----------------+-------------+-------------+--------------+-----------------+--------------+-------------+-------------+-------------+--------------+-----------------+--------------+-------------+-----------------+
; cs.FLASHING_RED ; 0           ; 0           ; 0            ; 0               ; 0            ; 0           ; 0           ; 0           ; 0            ; 0               ; 0            ; 0           ; 0               ;
; cs.SB_ALL_G     ; 0           ; 0           ; 0            ; 0               ; 0            ; 0           ; 0           ; 0           ; 0            ; 0               ; 0            ; 1           ; 1               ;
; cs.SB_TURN_Y    ; 0           ; 0           ; 0            ; 0               ; 0            ; 0           ; 0           ; 0           ; 0            ; 0               ; 1            ; 0           ; 1               ;
; cs.NS_THROUGH_G ; 0           ; 0           ; 0            ; 0               ; 0            ; 0           ; 0           ; 0           ; 0            ; 1               ; 0            ; 0           ; 1               ;
; cs.NB_G_SB_Y    ; 0           ; 0           ; 0            ; 0               ; 0            ; 0           ; 0           ; 0           ; 1            ; 0               ; 0            ; 0           ; 1               ;
; cs.NB_ALL_G     ; 0           ; 0           ; 0            ; 0               ; 0            ; 0           ; 0           ; 1           ; 0            ; 0               ; 0            ; 0           ; 1               ;
; cs.NB_ALL_Y     ; 0           ; 0           ; 0            ; 0               ; 0            ; 0           ; 1           ; 0           ; 0            ; 0               ; 0            ; 0           ; 1               ;
; cs.WB_ALL_G     ; 0           ; 0           ; 0            ; 0               ; 0            ; 1           ; 0           ; 0           ; 0            ; 0               ; 0            ; 0           ; 1               ;
; cs.WB_TURN_Y    ; 0           ; 0           ; 0            ; 0               ; 1            ; 0           ; 0           ; 0           ; 0            ; 0               ; 0            ; 0           ; 1               ;
; cs.EW_THROUGH_G ; 0           ; 0           ; 0            ; 1               ; 0            ; 0           ; 0           ; 0           ; 0            ; 0               ; 0            ; 0           ; 1               ;
; cs.EB_G_WB_Y    ; 0           ; 0           ; 1            ; 0               ; 0            ; 0           ; 0           ; 0           ; 0            ; 0               ; 0            ; 0           ; 1               ;
; cs.EB_ALL_G     ; 0           ; 1           ; 0            ; 0               ; 0            ; 0           ; 0           ; 0           ; 0            ; 0               ; 0            ; 0           ; 1               ;
; cs.EB_ALL_Y     ; 1           ; 0           ; 0            ; 0               ; 0            ; 0           ; 0           ; 0           ; 0            ; 0               ; 0            ; 0           ; 1               ;
+-----------------+-------------+-------------+--------------+-----------------+--------------+-------------+-------------+-------------+--------------+-----------------+--------------+-------------+-----------------+


+------------------------------------------------------------+
; Registers Removed During Synthesis                         ;
+---------------------------------------+--------------------+
; Register name                         ; Reason for Removal ;
+---------------------------------------+--------------------+
; cs~4                                  ; Lost fanout        ;
; cs~5                                  ; Lost fanout        ;
; cs~6                                  ; Lost fanout        ;
; cs~7                                  ; Lost fanout        ;
; Total Number of Removed Registers = 4 ;                    ;
+---------------------------------------+--------------------+


+------------------------------------------------------+
; General Register Statistics                          ;
+----------------------------------------------+-------+
; Statistic                                    ; Value ;
+----------------------------------------------+-------+
; Total registers                              ; 21    ;
; Number of registers using Synchronous Clear  ; 0     ;
; Number of registers using Synchronous Load   ; 0     ;
; Number of registers using Asynchronous Clear ; 21    ;
; Number of registers using Asynchronous Load  ; 0     ;
; Number of registers using Clock Enable       ; 13    ;
; Number of registers using Preset             ; 0     ;
+----------------------------------------------+-------+


+--------------------------------------------------+
; Inverted Register Statistics                     ;
+----------------------------------------+---------+
; Inverted Register                      ; Fan out ;
+----------------------------------------+---------+
; timer[4]                               ; 2       ;
; timer[2]                               ; 2       ;
; Total number of inverted registers = 2 ;         ;
+----------------------------------------+---------+


+-----------------------------------------------------------------------------------------------+
; Parameter Settings for User Entity Instance: Top-level Entity: |traffic_signal_control_system ;
+------------------------------+-------+--------------------------------------------------------+
; Parameter Name               ; Value ; Type                                                   ;
+------------------------------+-------+--------------------------------------------------------+
; SIGNAL_DURATION_GREEN        ; 20    ; Signed Integer                                         ;
; SIGNAL_DURATION_YELLOW       ; 5     ; Signed Integer                                         ;
; SIGNAL_DURATION_PED_CROSSING ; 25    ; Signed Integer                                         ;
; SIGNAL_DURATION_FLASHING     ; 20    ; Signed Integer                                         ;
+------------------------------+-------+--------------------------------------------------------+
Note: In order to hide this table in the UI and the text report file, please set the "Show Parameter Settings in Synthesis Report" option in "Analysis and Synthesis Settings -> More Settings" to "Off".


+-----------------------------------------------------+
; Post-Synthesis Netlist Statistics for Top Partition ;
+-----------------------+-----------------------------+
; Type                  ; Count                       ;
+-----------------------+-----------------------------+
; boundary_port         ; 22                          ;
; cycloneiii_ff         ; 21                          ;
;     CLR               ; 8                           ;
;     ENA CLR           ; 13                          ;
; cycloneiii_lcell_comb ; 36                          ;
;     arith             ; 7                           ;
;         2 data inputs ; 7                           ;
;     normal            ; 29                          ;
;         1 data inputs ; 5                           ;
;         2 data inputs ; 12                          ;
;         4 data inputs ; 12                          ;
;                       ;                             ;
; Max LUT depth         ; 3.00                        ;
; Average LUT depth     ; 2.01                        ;
+-----------------------+-----------------------------+


+-------------------------------+
; Elapsed Time Per Partition    ;
+----------------+--------------+
; Partition Name ; Elapsed Time ;
+----------------+--------------+
; Top            ; 00:00:00     ;
+----------------+--------------+


+-------------------------------+
; Analysis & Synthesis Messages ;
+-------------------------------+
Info: *******************************************************************
Info: Running Quartus Prime Analysis & Synthesis
    Info: Version 23.1std.0 Build 991 11/28/2023 SC Lite Edition
    Info: Processing started: Sat May  4 15:14:49 2024
Info: Command: quartus_map --read_settings_files=on --write_settings_files=off TrafficSignalControlSystem -c traffic_signal_control_system
Info (20030): Parallel compilation is enabled and will use 2 of the 2 processors detected
Info (12021): Found 1 design units, including 1 entities, in source file traffic_signal_control_system.sv
    Info (12023): Found entity 1: traffic_signal_control_system File: C:/Users/XP/Documents/CPE 166/TrafficSignalControlSystem/traffic_signal_control_system.sv Line: 2
Info (12021): Found 1 design units, including 1 entities, in source file traffic_signal_control_system_tb.sv
    Info (12023): Found entity 1: traffic_signal_control_system_tb File: C:/Users/XP/Documents/CPE 166/TrafficSignalControlSystem/traffic_signal_control_system_tb.sv Line: 4
Info (12021): Found 1 design units, including 0 entities, in source file traffic_signal_colors_pkg.sv
    Info (12022): Found design unit 1: traffic_signal_colors_pkg (SystemVerilog) File: C:/Users/XP/Documents/CPE 166/TrafficSignalControlSystem/traffic_signal_colors_pkg.sv Line: 2
Info (12127): Elaborating entity "traffic_signal_control_system" for the top level hierarchy
Warning (10230): Verilog HDL assignment warning at traffic_signal_control_system.sv(167): truncated value with size 32 to match size of target (8) File: C:/Users/XP/Documents/CPE 166/TrafficSignalControlSystem/traffic_signal_control_system.sv Line: 167
Warning (10230): Verilog HDL assignment warning at traffic_signal_control_system.sv(173): truncated value with size 32 to match size of target (8) File: C:/Users/XP/Documents/CPE 166/TrafficSignalControlSystem/traffic_signal_control_system.sv Line: 173
Warning (10230): Verilog HDL assignment warning at traffic_signal_control_system.sv(174): truncated value with size 32 to match size of target (8) File: C:/Users/XP/Documents/CPE 166/TrafficSignalControlSystem/traffic_signal_control_system.sv Line: 174
Warning (10230): Verilog HDL assignment warning at traffic_signal_control_system.sv(175): truncated value with size 32 to match size of target (8) File: C:/Users/XP/Documents/CPE 166/TrafficSignalControlSystem/traffic_signal_control_system.sv Line: 175
Warning (10230): Verilog HDL assignment warning at traffic_signal_control_system.sv(176): truncated value with size 32 to match size of target (8) File: C:/Users/XP/Documents/CPE 166/TrafficSignalControlSystem/traffic_signal_control_system.sv Line: 176
Warning (10230): Verilog HDL assignment warning at traffic_signal_control_system.sv(177): truncated value with size 32 to match size of target (8) File: C:/Users/XP/Documents/CPE 166/TrafficSignalControlSystem/traffic_signal_control_system.sv Line: 177
Warning (10230): Verilog HDL assignment warning at traffic_signal_control_system.sv(181): truncated value with size 32 to match size of target (8) File: C:/Users/XP/Documents/CPE 166/TrafficSignalControlSystem/traffic_signal_control_system.sv Line: 181
Info (13000): Registers with preset signals will power-up high File: C:/Users/XP/Documents/CPE 166/TrafficSignalControlSystem/traffic_signal_control_system.sv Line: 170
Info (13003): DEV_CLRn pin will set, and not reset, register with preset signal due to NOT Gate Push-Back
Info (286030): Timing-Driven Synthesis is running
Critical Warning (18061): Ignored Power-Up Level option on the following registers
    Critical Warning (18010): Register timer[4] will power up to High File: C:/Users/XP/Documents/CPE 166/TrafficSignalControlSystem/traffic_signal_control_system.sv Line: 170
    Critical Warning (18010): Register timer[2] will power up to High File: C:/Users/XP/Documents/CPE 166/TrafficSignalControlSystem/traffic_signal_control_system.sv Line: 170
Info (17049): 4 registers lost all their fanouts during netlist optimizations.
Info (16010): Generating hard_block partition "hard_block:auto_generated_inst"
    Info (16011): Adding 0 node(s), including 0 DDIO, 0 PLL, 0 transceiver and 0 LCELL
Info (21057): Implemented 67 device resources after synthesis - the final resource count might be different
    Info (21058): Implemented 2 input pins
    Info (21059): Implemented 20 output pins
    Info (21061): Implemented 45 logic cells
Info: Quartus Prime Analysis & Synthesis was successful. 0 errors, 10 warnings
    Info: Peak virtual memory: 4735 megabytes
    Info: Processing ended: Sat May  4 15:14:58 2024
    Info: Elapsed time: 00:00:09
    Info: Total CPU time (on all processors): 00:00:12


