Analysis & Synthesis report for Lab4
Thu Apr 25 21:35:43 2024
Quartus Prime Version 23.1std.0 Build 991 11/28/2023 SC Lite Edition


---------------------
; Table of Contents ;
---------------------
  1. Legal Notice
  2. Analysis & Synthesis Summary
  3. Analysis & Synthesis Settings
  4. Parallel Compilation
  5. Analysis & Synthesis Source Files Read
  6. Analysis & Synthesis Resource Usage Summary
  7. Analysis & Synthesis Resource Utilization by Entity
  8. State Machine - |top|mpu:mpu|fsm:fsm|cs
  9. Registers Removed During Synthesis
 10. Removed Registers Triggering Further Register Optimizations
 11. General Register Statistics
 12. Multiplexer Restructuring Statistics (Restructuring Performed)
 13. Port Connectivity Checks: "hex_7seg_decoder_anode:seg4"
 14. Port Connectivity Checks: "hex_7seg_decoder_anode:seg3"
 15. Port Connectivity Checks: "hex_7seg_decoder_anode:seg2"
 16. Port Connectivity Checks: "hex_7seg_decoder_anode:seg1"
 17. Port Connectivity Checks: "hex_7seg_decoder_anode:seg0"
 18. Port Connectivity Checks: "mpu:mpu|datapath:datapath|mux4_4to1:mux3"
 19. Port Connectivity Checks: "mpu:mpu"
 20. Post-Synthesis Netlist Statistics for Top Partition
 21. Elapsed Time Per Partition
 22. Analysis & Synthesis Messages



----------------
; Legal Notice ;
----------------
Copyright (C) 2023  Intel Corporation. All rights reserved.
Your use of Intel Corporation's design tools, logic functions 
and other software and tools, and any partner logic 
functions, and any output files from any of the foregoing 
(including device programming or simulation files), and any 
associated documentation or information are expressly subject 
to the terms and conditions of the Intel Program License 
Subscription Agreement, the Intel Quartus Prime License Agreement,
the Intel FPGA IP License Agreement, or other applicable license
agreement, including, without limitation, that your use is for
the sole purpose of programming logic devices manufactured by
Intel and sold by Intel or its authorized distributors.  Please
refer to the applicable agreement for further details, at
https://fpgasoftware.intel.com/eula.



+-------------------------------------------------------------------------------------+
; Analysis & Synthesis Summary                                                        ;
+------------------------------------+------------------------------------------------+
; Analysis & Synthesis Status        ; Successful - Thu Apr 25 21:35:43 2024          ;
; Quartus Prime Version              ; 23.1std.0 Build 991 11/28/2023 SC Lite Edition ;
; Revision Name                      ; Lab4                                           ;
; Top-level Entity Name              ; top                                            ;
; Family                             ; MAX 10                                         ;
; Total logic elements               ; 63                                             ;
;     Total combinational functions  ; 51                                             ;
;     Dedicated logic registers      ; 21                                             ;
; Total registers                    ; 21                                             ;
; Total pins                         ; 51                                             ;
; Total virtual pins                 ; 0                                              ;
; Total memory bits                  ; 0                                              ;
; Embedded Multiplier 9-bit elements ; 0                                              ;
; Total PLLs                         ; 0                                              ;
; UFM blocks                         ; 0                                              ;
; ADC blocks                         ; 0                                              ;
+------------------------------------+------------------------------------------------+


+------------------------------------------------------------------------------------------------------------+
; Analysis & Synthesis Settings                                                                              ;
+------------------------------------------------------------------+--------------------+--------------------+
; Option                                                           ; Setting            ; Default Value      ;
+------------------------------------------------------------------+--------------------+--------------------+
; Device                                                           ; 10M50DAF484C7G     ;                    ;
; Top-level entity name                                            ; top                ; Lab4               ;
; Family name                                                      ; MAX 10             ; Cyclone V          ;
; Maximum processors allowed for parallel compilation              ; All                ;                    ;
; Use smart compilation                                            ; Off                ; Off                ;
; Enable parallel Assembler and Timing Analyzer during compilation ; On                 ; On                 ;
; Enable compact report table                                      ; Off                ; Off                ;
; Restructure Multiplexers                                         ; Auto               ; Auto               ;
; Create Debugging Nodes for IP Cores                              ; Off                ; Off                ;
; Preserve fewer node names                                        ; On                 ; On                 ;
; Intel FPGA IP Evaluation Mode                                    ; Enable             ; Enable             ;
; Verilog Version                                                  ; Verilog_2001       ; Verilog_2001       ;
; VHDL Version                                                     ; VHDL_1993          ; VHDL_1993          ;
; State Machine Processing                                         ; Auto               ; Auto               ;
; Safe State Machine                                               ; Off                ; Off                ;
; Extract Verilog State Machines                                   ; On                 ; On                 ;
; Extract VHDL State Machines                                      ; On                 ; On                 ;
; Ignore Verilog initial constructs                                ; Off                ; Off                ;
; Iteration limit for constant Verilog loops                       ; 5000               ; 5000               ;
; Iteration limit for non-constant Verilog loops                   ; 250                ; 250                ;
; Add Pass-Through Logic to Inferred RAMs                          ; On                 ; On                 ;
; Infer RAMs from Raw Logic                                        ; On                 ; On                 ;
; Parallel Synthesis                                               ; On                 ; On                 ;
; DSP Block Balancing                                              ; Auto               ; Auto               ;
; NOT Gate Push-Back                                               ; On                 ; On                 ;
; Power-Up Don't Care                                              ; On                 ; On                 ;
; Remove Redundant Logic Cells                                     ; Off                ; Off                ;
; Remove Duplicate Registers                                       ; On                 ; On                 ;
; Ignore CARRY Buffers                                             ; Off                ; Off                ;
; Ignore CASCADE Buffers                                           ; Off                ; Off                ;
; Ignore GLOBAL Buffers                                            ; Off                ; Off                ;
; Ignore ROW GLOBAL Buffers                                        ; Off                ; Off                ;
; Ignore LCELL Buffers                                             ; Off                ; Off                ;
; Ignore SOFT Buffers                                              ; On                 ; On                 ;
; Limit AHDL Integers to 32 Bits                                   ; Off                ; Off                ;
; Optimization Technique                                           ; Balanced           ; Balanced           ;
; Carry Chain Length                                               ; 70                 ; 70                 ;
; Auto Carry Chains                                                ; On                 ; On                 ;
; Auto Open-Drain Pins                                             ; On                 ; On                 ;
; Perform WYSIWYG Primitive Resynthesis                            ; Off                ; Off                ;
; Auto ROM Replacement                                             ; On                 ; On                 ;
; Auto RAM Replacement                                             ; On                 ; On                 ;
; Auto DSP Block Replacement                                       ; On                 ; On                 ;
; Auto Shift Register Replacement                                  ; Auto               ; Auto               ;
; Allow Shift Register Merging across Hierarchies                  ; Auto               ; Auto               ;
; Auto Clock Enable Replacement                                    ; On                 ; On                 ;
; Strict RAM Replacement                                           ; Off                ; Off                ;
; Allow Synchronous Control Signals                                ; On                 ; On                 ;
; Force Use of Synchronous Clear Signals                           ; Off                ; Off                ;
; Auto RAM Block Balancing                                         ; On                 ; On                 ;
; Auto RAM to Logic Cell Conversion                                ; Off                ; Off                ;
; Auto Resource Sharing                                            ; Off                ; Off                ;
; Allow Any RAM Size For Recognition                               ; Off                ; Off                ;
; Allow Any ROM Size For Recognition                               ; Off                ; Off                ;
; Allow Any Shift Register Size For Recognition                    ; Off                ; Off                ;
; Use LogicLock Constraints during Resource Balancing              ; On                 ; On                 ;
; Ignore translate_off and synthesis_off directives                ; Off                ; Off                ;
; Timing-Driven Synthesis                                          ; On                 ; On                 ;
; Report Parameter Settings                                        ; On                 ; On                 ;
; Report Source Assignments                                        ; On                 ; On                 ;
; Report Connectivity Checks                                       ; On                 ; On                 ;
; Ignore Maximum Fan-Out Assignments                               ; Off                ; Off                ;
; Synchronization Register Chain Length                            ; 2                  ; 2                  ;
; Power Optimization During Synthesis                              ; Normal compilation ; Normal compilation ;
; HDL message level                                                ; Level2             ; Level2             ;
; Suppress Register Optimization Related Messages                  ; Off                ; Off                ;
; Number of Removed Registers Reported in Synthesis Report         ; 5000               ; 5000               ;
; Number of Swept Nodes Reported in Synthesis Report               ; 5000               ; 5000               ;
; Number of Inverted Registers Reported in Synthesis Report        ; 100                ; 100                ;
; Clock MUX Protection                                             ; On                 ; On                 ;
; Auto Gated Clock Conversion                                      ; Off                ; Off                ;
; Block Design Naming                                              ; Auto               ; Auto               ;
; SDC constraint protection                                        ; Off                ; Off                ;
; Synthesis Effort                                                 ; Auto               ; Auto               ;
; Shift Register Replacement - Allow Asynchronous Clear Signal     ; On                 ; On                 ;
; Pre-Mapping Resynthesis Optimization                             ; Off                ; Off                ;
; Analysis & Synthesis Message Level                               ; Medium             ; Medium             ;
; Disable Register Merging Across Hierarchies                      ; Auto               ; Auto               ;
; Resource Aware Inference For Block RAM                           ; On                 ; On                 ;
+------------------------------------------------------------------+--------------------+--------------------+


+------------------------------------------+
; Parallel Compilation                     ;
+----------------------------+-------------+
; Processors                 ; Number      ;
+----------------------------+-------------+
; Number detected on machine ; 2           ;
; Maximum allowed            ; 2           ;
;                            ;             ;
; Average used               ; 1.00        ;
; Maximum used               ; 2           ;
;                            ;             ;
; Usage by Processor         ; % Time Used ;
;     Processor 1            ; 100.0%      ;
;     Processor 2            ;   0.0%      ;
+----------------------------+-------------+


+--------------------------------------------------------------------------------------------------------------------------------------------------------------------------+
; Analysis & Synthesis Source Files Read                                                                                                                                   ;
+----------------------------------+-----------------+------------------------------+----------------------------------------------------------------------------+---------+
; File Name with User-Entered Path ; Used in Netlist ; File Type                    ; File Name with Absolute Path                                               ; Library ;
+----------------------------------+-----------------+------------------------------+----------------------------------------------------------------------------+---------+
; top.sv                           ; yes             ; User SystemVerilog HDL File  ; C:/Users/XP/Documents/CPE 166/FPGA Projects/Lab4/top.sv                    ;         ;
; hex_7seg_decoder_anode.sv        ; yes             ; User SystemVerilog HDL File  ; C:/Users/XP/Documents/CPE 166/FPGA Projects/Lab4/hex_7seg_decoder_anode.sv ;         ;
; mpu.sv                           ; yes             ; User SystemVerilog HDL File  ; C:/Users/XP/Documents/CPE 166/FPGA Projects/Lab4/mpu.sv                    ;         ;
; fsm.sv                           ; yes             ; User SystemVerilog HDL File  ; C:/Users/XP/Documents/CPE 166/FPGA Projects/Lab4/fsm.sv                    ;         ;
; datapath.sv                      ; yes             ; User SystemVerilog HDL File  ; C:/Users/XP/Documents/CPE 166/FPGA Projects/Lab4/datapath.sv               ;         ;
; alu.v                            ; yes             ; User Verilog HDL File        ; C:/Users/XP/Documents/CPE 166/FPGA Projects/Lab4/alu.v                     ;         ;
; dff4_ce.v                        ; yes             ; User Verilog HDL File        ; C:/Users/XP/Documents/CPE 166/FPGA Projects/Lab4/dff4_ce.v                 ;         ;
; mux4_4to1.v                      ; yes             ; User Verilog HDL File        ; C:/Users/XP/Documents/CPE 166/FPGA Projects/Lab4/mux4_4to1.v               ;         ;
; mux4_2to1.v                      ; yes             ; User Verilog HDL File        ; C:/Users/XP/Documents/CPE 166/FPGA Projects/Lab4/mux4_2to1.v               ;         ;
+----------------------------------+-----------------+------------------------------+----------------------------------------------------------------------------+---------+


+---------------------------------------------------------+
; Analysis & Synthesis Resource Usage Summary             ;
+---------------------------------------------+-----------+
; Resource                                    ; Usage     ;
+---------------------------------------------+-----------+
; Estimated Total logic elements              ; 63        ;
;                                             ;           ;
; Total combinational functions               ; 51        ;
; Logic element usage by number of LUT inputs ;           ;
;     -- 4 input functions                    ; 35        ;
;     -- 3 input functions                    ; 7         ;
;     -- <=2 input functions                  ; 9         ;
;                                             ;           ;
; Logic elements by mode                      ;           ;
;     -- normal mode                          ; 47        ;
;     -- arithmetic mode                      ; 4         ;
;                                             ;           ;
; Total registers                             ; 21        ;
;     -- Dedicated logic registers            ; 21        ;
;     -- I/O registers                        ; 0         ;
;                                             ;           ;
; I/O pins                                    ; 51        ;
;                                             ;           ;
; Embedded Multiplier 9-bit elements          ; 0         ;
;                                             ;           ;
; Maximum fan-out node                        ; clk~input ;
; Maximum fan-out                             ; 21        ;
; Total fan-out                               ; 350       ;
; Average fan-out                             ; 2.01      ;
+---------------------------------------------+-----------+


+-------------------------------------------------------------------------------------------------------------------------------------------------------------------------------------------------------------------------------------------------------------------------------+
; Analysis & Synthesis Resource Utilization by Entity                                                                                                                                                                                                                           ;
+----------------------------------+---------------------+---------------------------+-------------+------------+--------------+---------+-----------+------+--------------+------------+-----------------------------------------------+------------------------+--------------+
; Compilation Hierarchy Node       ; Combinational ALUTs ; Dedicated Logic Registers ; Memory Bits ; UFM Blocks ; DSP Elements ; DSP 9x9 ; DSP 18x18 ; Pins ; Virtual Pins ; ADC blocks ; Full Hierarchy Name                           ; Entity Name            ; Library Name ;
+----------------------------------+---------------------+---------------------------+-------------+------------+--------------+---------+-----------+------+--------------+------------+-----------------------------------------------+------------------------+--------------+
; |top                             ; 51 (0)              ; 21 (0)                    ; 0           ; 0          ; 0            ; 0       ; 0         ; 51   ; 0            ; 0          ; |top                                          ; top                    ; work         ;
;    |hex_7seg_decoder_anode:seg0| ; 7 (7)               ; 0 (0)                     ; 0           ; 0          ; 0            ; 0       ; 0         ; 0    ; 0            ; 0          ; |top|hex_7seg_decoder_anode:seg0              ; hex_7seg_decoder_anode ; work         ;
;    |hex_7seg_decoder_anode:seg1| ; 7 (7)               ; 0 (0)                     ; 0           ; 0          ; 0            ; 0       ; 0         ; 0    ; 0            ; 0          ; |top|hex_7seg_decoder_anode:seg1              ; hex_7seg_decoder_anode ; work         ;
;    |hex_7seg_decoder_anode:seg2| ; 7 (7)               ; 0 (0)                     ; 0           ; 0          ; 0            ; 0       ; 0         ; 0    ; 0            ; 0          ; |top|hex_7seg_decoder_anode:seg2              ; hex_7seg_decoder_anode ; work         ;
;    |hex_7seg_decoder_anode:seg3| ; 7 (7)               ; 0 (0)                     ; 0           ; 0          ; 0            ; 0       ; 0         ; 0    ; 0            ; 0          ; |top|hex_7seg_decoder_anode:seg3              ; hex_7seg_decoder_anode ; work         ;
;    |hex_7seg_decoder_anode:seg4| ; 7 (7)               ; 0 (0)                     ; 0           ; 0          ; 0            ; 0       ; 0         ; 0    ; 0            ; 0          ; |top|hex_7seg_decoder_anode:seg4              ; hex_7seg_decoder_anode ; work         ;
;    |mpu:mpu|                     ; 16 (0)              ; 21 (0)                    ; 0           ; 0          ; 0            ; 0       ; 0         ; 0    ; 0            ; 0          ; |top|mpu:mpu                                  ; mpu                    ; work         ;
;       |datapath:datapath|        ; 13 (0)              ; 16 (0)                    ; 0           ; 0          ; 0            ; 0       ; 0         ; 0    ; 0            ; 0          ; |top|mpu:mpu|datapath:datapath                ; datapath               ; work         ;
;          |alu:alu|               ; 4 (4)               ; 0 (0)                     ; 0           ; 0          ; 0            ; 0       ; 0         ; 0    ; 0            ; 0          ; |top|mpu:mpu|datapath:datapath|alu:alu        ; alu                    ; work         ;
;          |dff4_ce:dff0|          ; 0 (0)               ; 4 (4)                     ; 0           ; 0          ; 0            ; 0       ; 0         ; 0    ; 0            ; 0          ; |top|mpu:mpu|datapath:datapath|dff4_ce:dff0   ; dff4_ce                ; work         ;
;          |dff4_ce:dff1|          ; 0 (0)               ; 4 (4)                     ; 0           ; 0          ; 0            ; 0       ; 0         ; 0    ; 0            ; 0          ; |top|mpu:mpu|datapath:datapath|dff4_ce:dff1   ; dff4_ce                ; work         ;
;          |dff4_ce:dff2|          ; 0 (0)               ; 4 (4)                     ; 0           ; 0          ; 0            ; 0       ; 0         ; 0    ; 0            ; 0          ; |top|mpu:mpu|datapath:datapath|dff4_ce:dff2   ; dff4_ce                ; work         ;
;          |dff4_ce:dff3|          ; 5 (5)               ; 4 (4)                     ; 0           ; 0          ; 0            ; 0       ; 0         ; 0    ; 0            ; 0          ; |top|mpu:mpu|datapath:datapath|dff4_ce:dff3   ; dff4_ce                ; work         ;
;          |mux4_2to1:mux2|        ; 4 (4)               ; 0 (0)                     ; 0           ; 0          ; 0            ; 0       ; 0         ; 0    ; 0            ; 0          ; |top|mpu:mpu|datapath:datapath|mux4_2to1:mux2 ; mux4_2to1              ; work         ;
;       |fsm:fsm|                  ; 3 (3)               ; 5 (5)                     ; 0           ; 0          ; 0            ; 0       ; 0         ; 0    ; 0            ; 0          ; |top|mpu:mpu|fsm:fsm                          ; fsm                    ; work         ;
+----------------------------------+---------------------+---------------------------+-------------+------------+--------------+---------+-----------+------+--------------+------------+-----------------------------------------------+------------------------+--------------+
Note: For table entries with two numbers listed, the numbers in parentheses indicate the number of resources of the given type used by the specific entity alone. The numbers listed outside of parentheses indicate the total resources of the given type used by the specific entity and all of its sub-entities in the hierarchy.


Encoding Type:  One-Hot
+---------------------------------------------------------------------------------------------------+
; State Machine - |top|mpu:mpu|fsm:fsm|cs                                                           ;
+----------------+----------------+--------------+----------------+------------+---------+----------+
; Name           ; cs.OP_MOV_R2_A ; cs.OP_SBC_R1 ; cs.OP_MOV_A_R0 ; cs.OP_MOVM ; cs.IDLE ; cs.CLEAR ;
+----------------+----------------+--------------+----------------+------------+---------+----------+
; cs.CLEAR       ; 0              ; 0            ; 0              ; 0          ; 0       ; 0        ;
; cs.IDLE        ; 0              ; 0            ; 0              ; 0          ; 1       ; 1        ;
; cs.OP_MOVM     ; 0              ; 0            ; 0              ; 1          ; 0       ; 1        ;
; cs.OP_MOV_A_R0 ; 0              ; 0            ; 1              ; 0          ; 0       ; 1        ;
; cs.OP_SBC_R1   ; 0              ; 1            ; 0              ; 0          ; 0       ; 1        ;
; cs.OP_MOV_R2_A ; 1              ; 0            ; 0              ; 0          ; 0       ; 1        ;
+----------------+----------------+--------------+----------------+------------+---------+----------+


+------------------------------------------------------------+
; Registers Removed During Synthesis                         ;
+---------------------------------------+--------------------+
; Register name                         ; Reason for Removal ;
+---------------------------------------+--------------------+
; mpu:mpu|fsm:fsm|cs~4                  ; Lost fanout        ;
; mpu:mpu|fsm:fsm|cs~5                  ; Lost fanout        ;
; mpu:mpu|fsm:fsm|cs~6                  ; Lost fanout        ;
; mpu:mpu|fsm:fsm|cs.IDLE               ; Lost fanout        ;
; Total Number of Removed Registers = 4 ;                    ;
+---------------------------------------+--------------------+


+------------------------------------------------------------------------------------+
; Removed Registers Triggering Further Register Optimizations                        ;
+----------------------+--------------------+----------------------------------------+
; Register name        ; Reason for Removal ; Registers Removed due to This Register ;
+----------------------+--------------------+----------------------------------------+
; mpu:mpu|fsm:fsm|cs~4 ; Lost Fanouts       ; mpu:mpu|fsm:fsm|cs.IDLE                ;
+----------------------+--------------------+----------------------------------------+


+------------------------------------------------------+
; General Register Statistics                          ;
+----------------------------------------------+-------+
; Statistic                                    ; Value ;
+----------------------------------------------+-------+
; Total registers                              ; 21    ;
; Number of registers using Synchronous Clear  ; 0     ;
; Number of registers using Synchronous Load   ; 4     ;
; Number of registers using Asynchronous Clear ; 21    ;
; Number of registers using Asynchronous Load  ; 0     ;
; Number of registers using Clock Enable       ; 16    ;
; Number of registers using Preset             ; 0     ;
+----------------------------------------------+-------+


+----------------------------------------------------------------------------------------------------------------------------------------------------------------+
; Multiplexer Restructuring Statistics (Restructuring Performed)                                                                                                 ;
+--------------------+-----------+---------------+----------------------+------------------------+------------+--------------------------------------------------+
; Multiplexer Inputs ; Bus Width ; Baseline Area ; Area if Restructured ; Saving if Restructured ; Registered ; Example Multiplexer Output                       ;
+--------------------+-----------+---------------+----------------------+------------------------+------------+--------------------------------------------------+
; 4:1                ; 4 bits    ; 8 LEs         ; 4 LEs                ; 4 LEs                  ; Yes        ; |top|mpu:mpu|datapath:datapath|dff4_ce:dff3|q[3] ;
+--------------------+-----------+---------------+----------------------+------------------------+------------+--------------------------------------------------+


+---------------------------------------------------------+
; Port Connectivity Checks: "hex_7seg_decoder_anode:seg4" ;
+------+-------+----------+-------------------------------+
; Port ; Type  ; Severity ; Details                       ;
+------+-------+----------+-------------------------------+
; dp   ; Input ; Info     ; Stuck at GND                  ;
+------+-------+----------+-------------------------------+


+---------------------------------------------------------+
; Port Connectivity Checks: "hex_7seg_decoder_anode:seg3" ;
+------+-------+----------+-------------------------------+
; Port ; Type  ; Severity ; Details                       ;
+------+-------+----------+-------------------------------+
; dp   ; Input ; Info     ; Stuck at GND                  ;
+------+-------+----------+-------------------------------+


+---------------------------------------------------------+
; Port Connectivity Checks: "hex_7seg_decoder_anode:seg2" ;
+------+-------+----------+-------------------------------+
; Port ; Type  ; Severity ; Details                       ;
+------+-------+----------+-------------------------------+
; dp   ; Input ; Info     ; Stuck at GND                  ;
+------+-------+----------+-------------------------------+


+---------------------------------------------------------+
; Port Connectivity Checks: "hex_7seg_decoder_anode:seg1" ;
+------+-------+----------+-------------------------------+
; Port ; Type  ; Severity ; Details                       ;
+------+-------+----------+-------------------------------+
; dp   ; Input ; Info     ; Stuck at GND                  ;
+------+-------+----------+-------------------------------+


+---------------------------------------------------------+
; Port Connectivity Checks: "hex_7seg_decoder_anode:seg0" ;
+------+-------+----------+-------------------------------+
; Port ; Type  ; Severity ; Details                       ;
+------+-------+----------+-------------------------------+
; dp   ; Input ; Info     ; Stuck at GND                  ;
+------+-------+----------+-------------------------------+


+----------------------------------------------------------------------+
; Port Connectivity Checks: "mpu:mpu|datapath:datapath|mux4_4to1:mux3" ;
+------+-------+----------+--------------------------------------------+
; Port ; Type  ; Severity ; Details                                    ;
+------+-------+----------+--------------------------------------------+
; d3   ; Input ; Info     ; Stuck at GND                               ;
+------+-------+----------+--------------------------------------------+


+------------------------------------------+
; Port Connectivity Checks: "mpu:mpu"      ;
+--------+-------+----------+--------------+
; Port   ; Type  ; Severity ; Details      ;
+--------+-------+----------+--------------+
; m_i[2] ; Input ; Info     ; Stuck at GND ;
+--------+-------+----------+--------------+


+-----------------------------------------------------+
; Post-Synthesis Netlist Statistics for Top Partition ;
+-----------------------+-----------------------------+
; Type                  ; Count                       ;
+-----------------------+-----------------------------+
; boundary_port         ; 51                          ;
; cycloneiii_ff         ; 21                          ;
;     CLR               ; 5                           ;
;     ENA CLR           ; 12                          ;
;     ENA CLR SLD       ; 4                           ;
; cycloneiii_lcell_comb ; 57                          ;
;     arith             ; 4                           ;
;         2 data inputs ; 1                           ;
;         3 data inputs ; 3                           ;
;     normal            ; 53                          ;
;         0 data inputs ; 1                           ;
;         1 data inputs ; 6                           ;
;         2 data inputs ; 7                           ;
;         3 data inputs ; 4                           ;
;         4 data inputs ; 35                          ;
;                       ;                             ;
; Max LUT depth         ; 2.30                        ;
; Average LUT depth     ; 1.48                        ;
+-----------------------+-----------------------------+


+-------------------------------+
; Elapsed Time Per Partition    ;
+----------------+--------------+
; Partition Name ; Elapsed Time ;
+----------------+--------------+
; Top            ; 00:00:00     ;
+----------------+--------------+


+-------------------------------+
; Analysis & Synthesis Messages ;
+-------------------------------+
Info: *******************************************************************
Info: Running Quartus Prime Analysis & Synthesis
    Info: Version 23.1std.0 Build 991 11/28/2023 SC Lite Edition
    Info: Processing started: Thu Apr 25 21:35:34 2024
Info: Command: quartus_map --read_settings_files=on --write_settings_files=off Lab4 -c Lab4
Info (20030): Parallel compilation is enabled and will use 2 of the 2 processors detected
Info (12021): Found 1 design units, including 1 entities, in source file top.sv
    Info (12023): Found entity 1: top File: C:/Users/XP/Documents/CPE 166/FPGA Projects/Lab4/top.sv Line: 2
Info (12021): Found 1 design units, including 1 entities, in source file hex_7seg_decoder_anode.sv
    Info (12023): Found entity 1: hex_7seg_decoder_anode File: C:/Users/XP/Documents/CPE 166/FPGA Projects/Lab4/hex_7seg_decoder_anode.sv Line: 2
Info (12021): Found 1 design units, including 1 entities, in source file mpu.sv
    Info (12023): Found entity 1: mpu File: C:/Users/XP/Documents/CPE 166/FPGA Projects/Lab4/mpu.sv Line: 15
Info (12021): Found 1 design units, including 1 entities, in source file fsm_tb.sv
    Info (12023): Found entity 1: fsm_tb File: C:/Users/XP/Documents/CPE 166/FPGA Projects/Lab4/fsm_tb.sv Line: 2
Info (12021): Found 1 design units, including 1 entities, in source file fsm.sv
    Info (12023): Found entity 1: fsm File: C:/Users/XP/Documents/CPE 166/FPGA Projects/Lab4/fsm.sv Line: 15
Info (12021): Found 1 design units, including 1 entities, in source file datapath_tb.sv
    Info (12023): Found entity 1: datapath_tb File: C:/Users/XP/Documents/CPE 166/FPGA Projects/Lab4/datapath_tb.sv Line: 15
Info (12021): Found 1 design units, including 1 entities, in source file datapath.sv
    Info (12023): Found entity 1: datapath File: C:/Users/XP/Documents/CPE 166/FPGA Projects/Lab4/datapath.sv Line: 2
Info (12021): Found 1 design units, including 1 entities, in source file alu_tb.v
    Info (12023): Found entity 1: alu_tb File: C:/Users/XP/Documents/CPE 166/FPGA Projects/Lab4/alu_tb.v Line: 2
Info (12021): Found 1 design units, including 1 entities, in source file alu.v
    Info (12023): Found entity 1: alu File: C:/Users/XP/Documents/CPE 166/FPGA Projects/Lab4/alu.v Line: 2
Info (12021): Found 1 design units, including 1 entities, in source file dff4_ce_tb.v
    Info (12023): Found entity 1: dff4_ce_tb File: C:/Users/XP/Documents/CPE 166/FPGA Projects/Lab4/dff4_ce_tb.v Line: 2
Info (12021): Found 1 design units, including 1 entities, in source file dff4_ce.v
    Info (12023): Found entity 1: dff4_ce File: C:/Users/XP/Documents/CPE 166/FPGA Projects/Lab4/dff4_ce.v Line: 2
Info (12021): Found 1 design units, including 1 entities, in source file mux4_4to1_tb.v
    Info (12023): Found entity 1: mux4_4to1_tb File: C:/Users/XP/Documents/CPE 166/FPGA Projects/Lab4/mux4_4to1_tb.v Line: 2
Info (12021): Found 1 design units, including 1 entities, in source file mux4_4to1.v
    Info (12023): Found entity 1: mux4_4to1 File: C:/Users/XP/Documents/CPE 166/FPGA Projects/Lab4/mux4_4to1.v Line: 2
Info (12021): Found 1 design units, including 1 entities, in source file mux4_2to1_tb.v
    Info (12023): Found entity 1: mux4_2to1_tb File: C:/Users/XP/Documents/CPE 166/FPGA Projects/Lab4/mux4_2to1_tb.v Line: 2
Info (12021): Found 1 design units, including 1 entities, in source file mux4_2to1.v
    Info (12023): Found entity 1: mux4_2to1 File: C:/Users/XP/Documents/CPE 166/FPGA Projects/Lab4/mux4_2to1.v Line: 2
Info (12127): Elaborating entity "top" for the top level hierarchy
Info (12128): Elaborating entity "mpu" for hierarchy "mpu:mpu" File: C:/Users/XP/Documents/CPE 166/FPGA Projects/Lab4/top.sv Line: 9
Info (12128): Elaborating entity "datapath" for hierarchy "mpu:mpu|datapath:datapath" File: C:/Users/XP/Documents/CPE 166/FPGA Projects/Lab4/mpu.sv Line: 26
Info (12128): Elaborating entity "mux4_2to1" for hierarchy "mpu:mpu|datapath:datapath|mux4_2to1:mux0" File: C:/Users/XP/Documents/CPE 166/FPGA Projects/Lab4/datapath.sv Line: 14
Info (12128): Elaborating entity "dff4_ce" for hierarchy "mpu:mpu|datapath:datapath|dff4_ce:dff0" File: C:/Users/XP/Documents/CPE 166/FPGA Projects/Lab4/datapath.sv Line: 18
Info (12128): Elaborating entity "mux4_4to1" for hierarchy "mpu:mpu|datapath:datapath|mux4_4to1:mux3" File: C:/Users/XP/Documents/CPE 166/FPGA Projects/Lab4/datapath.sv Line: 22
Info (12128): Elaborating entity "alu" for hierarchy "mpu:mpu|datapath:datapath|alu:alu" File: C:/Users/XP/Documents/CPE 166/FPGA Projects/Lab4/datapath.sv Line: 24
Info (12128): Elaborating entity "fsm" for hierarchy "mpu:mpu|fsm:fsm" File: C:/Users/XP/Documents/CPE 166/FPGA Projects/Lab4/mpu.sv Line: 27
Info (12128): Elaborating entity "hex_7seg_decoder_anode" for hierarchy "hex_7seg_decoder_anode:seg0" File: C:/Users/XP/Documents/CPE 166/FPGA Projects/Lab4/top.sv Line: 13
Warning (13024): Output pins are stuck at VCC or GND
    Warning (13410): Pin "seg_o[0][7]" is stuck at VCC File: C:/Users/XP/Documents/CPE 166/FPGA Projects/Lab4/top.sv Line: 6
    Warning (13410): Pin "seg_o[1][7]" is stuck at VCC File: C:/Users/XP/Documents/CPE 166/FPGA Projects/Lab4/top.sv Line: 6
    Warning (13410): Pin "seg_o[2][7]" is stuck at VCC File: C:/Users/XP/Documents/CPE 166/FPGA Projects/Lab4/top.sv Line: 6
    Warning (13410): Pin "seg_o[3][7]" is stuck at VCC File: C:/Users/XP/Documents/CPE 166/FPGA Projects/Lab4/top.sv Line: 6
    Warning (13410): Pin "seg_o[4][7]" is stuck at VCC File: C:/Users/XP/Documents/CPE 166/FPGA Projects/Lab4/top.sv Line: 6
Info (286030): Timing-Driven Synthesis is running
Info (17049): 4 registers lost all their fanouts during netlist optimizations.
Info (16010): Generating hard_block partition "hard_block:auto_generated_inst"
    Info (16011): Adding 0 node(s), including 0 DDIO, 0 PLL, 0 transceiver and 0 LCELL
Info (21057): Implemented 114 device resources after synthesis - the final resource count might be different
    Info (21058): Implemented 11 input pins
    Info (21059): Implemented 40 output pins
    Info (21061): Implemented 63 logic cells
Info: Quartus Prime Analysis & Synthesis was successful. 0 errors, 6 warnings
    Info: Peak virtual memory: 4731 megabytes
    Info: Processing ended: Thu Apr 25 21:35:43 2024
    Info: Elapsed time: 00:00:09
    Info: Total CPU time (on all processors): 00:00:11


