Analysis & Synthesis report for Lab2Part2
Fri Mar  8 05:55:32 2024
Quartus Prime Version 23.1std.0 Build 991 11/28/2023 SC Lite Edition


---------------------
; Table of Contents ;
---------------------
  1. Legal Notice
  2. Analysis & Synthesis Summary
  3. Analysis & Synthesis Settings
  4. Parallel Compilation
  5. Analysis & Synthesis Source Files Read
  6. Analysis & Synthesis Resource Usage Summary
  7. Analysis & Synthesis Resource Utilization by Entity
  8. General Register Statistics
  9. Port Connectivity Checks: "rca4:rca2"
 10. Port Connectivity Checks: "rca4:rca1"
 11. Post-Synthesis Netlist Statistics for Top Partition
 12. Elapsed Time Per Partition
 13. Analysis & Synthesis Messages



----------------
; Legal Notice ;
----------------
Copyright (C) 2023  Intel Corporation. All rights reserved.
Your use of Intel Corporation's design tools, logic functions 
and other software and tools, and any partner logic 
functions, and any output files from any of the foregoing 
(including device programming or simulation files), and any 
associated documentation or information are expressly subject 
to the terms and conditions of the Intel Program License 
Subscription Agreement, the Intel Quartus Prime License Agreement,
the Intel FPGA IP License Agreement, or other applicable license
agreement, including, without limitation, that your use is for
the sole purpose of programming logic devices manufactured by
Intel and sold by Intel or its authorized distributors.  Please
refer to the applicable agreement for further details, at
https://fpgasoftware.intel.com/eula.



+-------------------------------------------------------------------------------------+
; Analysis & Synthesis Summary                                                        ;
+------------------------------------+------------------------------------------------+
; Analysis & Synthesis Status        ; Successful - Fri Mar  8 05:55:32 2024          ;
; Quartus Prime Version              ; 23.1std.0 Build 991 11/28/2023 SC Lite Edition ;
; Revision Name                      ; Lab2Part2                                      ;
; Top-level Entity Name              ; csa8                                           ;
; Family                             ; MAX 10                                         ;
; Total logic elements               ; 21                                             ;
;     Total combinational functions  ; 21                                             ;
;     Dedicated logic registers      ; 0                                              ;
; Total registers                    ; 0                                              ;
; Total pins                         ; 26                                             ;
; Total virtual pins                 ; 0                                              ;
; Total memory bits                  ; 0                                              ;
; Embedded Multiplier 9-bit elements ; 0                                              ;
; Total PLLs                         ; 0                                              ;
; UFM blocks                         ; 0                                              ;
; ADC blocks                         ; 0                                              ;
+------------------------------------+------------------------------------------------+


+------------------------------------------------------------------------------------------------------------+
; Analysis & Synthesis Settings                                                                              ;
+------------------------------------------------------------------+--------------------+--------------------+
; Option                                                           ; Setting            ; Default Value      ;
+------------------------------------------------------------------+--------------------+--------------------+
; Device                                                           ; 10M50DAF484C7G     ;                    ;
; Top-level entity name                                            ; csa8               ; Lab2Part2          ;
; Family name                                                      ; MAX 10             ; Cyclone V          ;
; Use smart compilation                                            ; Off                ; Off                ;
; Enable parallel Assembler and Timing Analyzer during compilation ; On                 ; On                 ;
; Enable compact report table                                      ; Off                ; Off                ;
; Restructure Multiplexers                                         ; Auto               ; Auto               ;
; Create Debugging Nodes for IP Cores                              ; Off                ; Off                ;
; Preserve fewer node names                                        ; On                 ; On                 ;
; Intel FPGA IP Evaluation Mode                                    ; Enable             ; Enable             ;
; Verilog Version                                                  ; Verilog_2001       ; Verilog_2001       ;
; VHDL Version                                                     ; VHDL_1993          ; VHDL_1993          ;
; State Machine Processing                                         ; Auto               ; Auto               ;
; Safe State Machine                                               ; Off                ; Off                ;
; Extract Verilog State Machines                                   ; On                 ; On                 ;
; Extract VHDL State Machines                                      ; On                 ; On                 ;
; Ignore Verilog initial constructs                                ; Off                ; Off                ;
; Iteration limit for constant Verilog loops                       ; 5000               ; 5000               ;
; Iteration limit for non-constant Verilog loops                   ; 250                ; 250                ;
; Add Pass-Through Logic to Inferred RAMs                          ; On                 ; On                 ;
; Infer RAMs from Raw Logic                                        ; On                 ; On                 ;
; Parallel Synthesis                                               ; On                 ; On                 ;
; DSP Block Balancing                                              ; Auto               ; Auto               ;
; NOT Gate Push-Back                                               ; On                 ; On                 ;
; Power-Up Don't Care                                              ; On                 ; On                 ;
; Remove Redundant Logic Cells                                     ; Off                ; Off                ;
; Remove Duplicate Registers                                       ; On                 ; On                 ;
; Ignore CARRY Buffers                                             ; Off                ; Off                ;
; Ignore CASCADE Buffers                                           ; Off                ; Off                ;
; Ignore GLOBAL Buffers                                            ; Off                ; Off                ;
; Ignore ROW GLOBAL Buffers                                        ; Off                ; Off                ;
; Ignore LCELL Buffers                                             ; Off                ; Off                ;
; Ignore SOFT Buffers                                              ; On                 ; On                 ;
; Limit AHDL Integers to 32 Bits                                   ; Off                ; Off                ;
; Optimization Technique                                           ; Balanced           ; Balanced           ;
; Carry Chain Length                                               ; 70                 ; 70                 ;
; Auto Carry Chains                                                ; On                 ; On                 ;
; Auto Open-Drain Pins                                             ; On                 ; On                 ;
; Perform WYSIWYG Primitive Resynthesis                            ; Off                ; Off                ;
; Auto ROM Replacement                                             ; On                 ; On                 ;
; Auto RAM Replacement                                             ; On                 ; On                 ;
; Auto DSP Block Replacement                                       ; On                 ; On                 ;
; Auto Shift Register Replacement                                  ; Auto               ; Auto               ;
; Allow Shift Register Merging across Hierarchies                  ; Auto               ; Auto               ;
; Auto Clock Enable Replacement                                    ; On                 ; On                 ;
; Strict RAM Replacement                                           ; Off                ; Off                ;
; Allow Synchronous Control Signals                                ; On                 ; On                 ;
; Force Use of Synchronous Clear Signals                           ; Off                ; Off                ;
; Auto RAM Block Balancing                                         ; On                 ; On                 ;
; Auto RAM to Logic Cell Conversion                                ; Off                ; Off                ;
; Auto Resource Sharing                                            ; Off                ; Off                ;
; Allow Any RAM Size For Recognition                               ; Off                ; Off                ;
; Allow Any ROM Size For Recognition                               ; Off                ; Off                ;
; Allow Any Shift Register Size For Recognition                    ; Off                ; Off                ;
; Use LogicLock Constraints during Resource Balancing              ; On                 ; On                 ;
; Ignore translate_off and synthesis_off directives                ; Off                ; Off                ;
; Timing-Driven Synthesis                                          ; On                 ; On                 ;
; Report Parameter Settings                                        ; On                 ; On                 ;
; Report Source Assignments                                        ; On                 ; On                 ;
; Report Connectivity Checks                                       ; On                 ; On                 ;
; Ignore Maximum Fan-Out Assignments                               ; Off                ; Off                ;
; Synchronization Register Chain Length                            ; 2                  ; 2                  ;
; Power Optimization During Synthesis                              ; Normal compilation ; Normal compilation ;
; HDL message level                                                ; Level2             ; Level2             ;
; Suppress Register Optimization Related Messages                  ; Off                ; Off                ;
; Number of Removed Registers Reported in Synthesis Report         ; 5000               ; 5000               ;
; Number of Swept Nodes Reported in Synthesis Report               ; 5000               ; 5000               ;
; Number of Inverted Registers Reported in Synthesis Report        ; 100                ; 100                ;
; Clock MUX Protection                                             ; On                 ; On                 ;
; Auto Gated Clock Conversion                                      ; Off                ; Off                ;
; Block Design Naming                                              ; Auto               ; Auto               ;
; SDC constraint protection                                        ; Off                ; Off                ;
; Synthesis Effort                                                 ; Auto               ; Auto               ;
; Shift Register Replacement - Allow Asynchronous Clear Signal     ; On                 ; On                 ;
; Pre-Mapping Resynthesis Optimization                             ; Off                ; Off                ;
; Analysis & Synthesis Message Level                               ; Medium             ; Medium             ;
; Disable Register Merging Across Hierarchies                      ; Auto               ; Auto               ;
; Resource Aware Inference For Block RAM                           ; On                 ; On                 ;
+------------------------------------------------------------------+--------------------+--------------------+


+------------------------------------------+
; Parallel Compilation                     ;
+----------------------------+-------------+
; Processors                 ; Number      ;
+----------------------------+-------------+
; Number detected on machine ; 2           ;
; Maximum allowed            ; 2           ;
;                            ;             ;
; Average used               ; 1.00        ;
; Maximum used               ; 1           ;
;                            ;             ;
; Usage by Processor         ; % Time Used ;
;     Processor 1            ; 100.0%      ;
+----------------------------+-------------+


+---------------------------------------------------------------------------------------------------------------------------------------------+
; Analysis & Synthesis Source Files Read                                                                                                      ;
+----------------------------------+-----------------+------------------------+-----------------------------------------------------+---------+
; File Name with User-Entered Path ; Used in Netlist ; File Type              ; File Name with Absolute Path                        ; Library ;
+----------------------------------+-----------------+------------------------+-----------------------------------------------------+---------+
; rca4.v                           ; yes             ; User Verilog HDL File  ; C:/Users/XP/Documents/CPE 166/Lab2Part2/rca4.v      ;         ;
; mux_2to1.v                       ; yes             ; User Verilog HDL File  ; C:/Users/XP/Documents/CPE 166/Lab2Part2/mux_2to1.v  ;         ;
; mux4_2to1.v                      ; yes             ; User Verilog HDL File  ; C:/Users/XP/Documents/CPE 166/Lab2Part2/mux4_2to1.v ;         ;
; fa.v                             ; yes             ; User Verilog HDL File  ; C:/Users/XP/Documents/CPE 166/Lab2Part2/fa.v        ;         ;
; csa8.v                           ; yes             ; User Verilog HDL File  ; C:/Users/XP/Documents/CPE 166/Lab2Part2/csa8.v      ;         ;
+----------------------------------+-----------------+------------------------+-----------------------------------------------------+---------+


+-----------------------------------------------------------------------+
; Analysis & Synthesis Resource Usage Summary                           ;
+---------------------------------------------+-------------------------+
; Resource                                    ; Usage                   ;
+---------------------------------------------+-------------------------+
; Estimated Total logic elements              ; 21                      ;
;                                             ;                         ;
; Total combinational functions               ; 21                      ;
; Logic element usage by number of LUT inputs ;                         ;
;     -- 4 input functions                    ; 5                       ;
;     -- 3 input functions                    ; 13                      ;
;     -- <=2 input functions                  ; 3                       ;
;                                             ;                         ;
; Logic elements by mode                      ;                         ;
;     -- normal mode                          ; 21                      ;
;     -- arithmetic mode                      ; 0                       ;
;                                             ;                         ;
; Total registers                             ; 0                       ;
;     -- Dedicated logic registers            ; 0                       ;
;     -- I/O registers                        ; 0                       ;
;                                             ;                         ;
; I/O pins                                    ; 26                      ;
;                                             ;                         ;
; Embedded Multiplier 9-bit elements          ; 0                       ;
;                                             ;                         ;
; Maximum fan-out node                        ; rca4:rca0|fa:fa3|cout~0 ;
; Maximum fan-out                             ; 5                       ;
; Total fan-out                               ; 100                     ;
; Average fan-out                             ; 1.37                    ;
+---------------------------------------------+-------------------------+


+---------------------------------------------------------------------------------------------------------------------------------------------------------------------------------------------------------------------------------------+
; Analysis & Synthesis Resource Utilization by Entity                                                                                                                                                                                   ;
+----------------------------+---------------------+---------------------------+-------------+------------+--------------+---------+-----------+------+--------------+------------+------------------------+-------------+--------------+
; Compilation Hierarchy Node ; Combinational ALUTs ; Dedicated Logic Registers ; Memory Bits ; UFM Blocks ; DSP Elements ; DSP 9x9 ; DSP 18x18 ; Pins ; Virtual Pins ; ADC blocks ; Full Hierarchy Name    ; Entity Name ; Library Name ;
+----------------------------+---------------------+---------------------------+-------------+------------+--------------+---------+-----------+------+--------------+------------+------------------------+-------------+--------------+
; |csa8                      ; 21 (0)              ; 0 (0)                     ; 0           ; 0          ; 0            ; 0       ; 0         ; 26   ; 0            ; 0          ; |csa8                  ; csa8        ; work         ;
;    |mux4_2to1:muxb|        ; 4 (4)               ; 0 (0)                     ; 0           ; 0          ; 0            ; 0       ; 0         ; 0    ; 0            ; 0          ; |csa8|mux4_2to1:muxb   ; mux4_2to1   ; work         ;
;    |mux_2to1:mux|          ; 2 (2)               ; 0 (0)                     ; 0           ; 0          ; 0            ; 0       ; 0         ; 0    ; 0            ; 0          ; |csa8|mux_2to1:mux     ; mux_2to1    ; work         ;
;    |rca4:rca0|             ; 8 (0)               ; 0 (0)                     ; 0           ; 0          ; 0            ; 0       ; 0         ; 0    ; 0            ; 0          ; |csa8|rca4:rca0        ; rca4        ; work         ;
;       |fa:fa0|             ; 2 (2)               ; 0 (0)                     ; 0           ; 0          ; 0            ; 0       ; 0         ; 0    ; 0            ; 0          ; |csa8|rca4:rca0|fa:fa0 ; fa          ; work         ;
;       |fa:fa1|             ; 2 (2)               ; 0 (0)                     ; 0           ; 0          ; 0            ; 0       ; 0         ; 0    ; 0            ; 0          ; |csa8|rca4:rca0|fa:fa1 ; fa          ; work         ;
;       |fa:fa2|             ; 2 (2)               ; 0 (0)                     ; 0           ; 0          ; 0            ; 0       ; 0         ; 0    ; 0            ; 0          ; |csa8|rca4:rca0|fa:fa2 ; fa          ; work         ;
;       |fa:fa3|             ; 2 (2)               ; 0 (0)                     ; 0           ; 0          ; 0            ; 0       ; 0         ; 0    ; 0            ; 0          ; |csa8|rca4:rca0|fa:fa3 ; fa          ; work         ;
;    |rca4:rca1|             ; 2 (0)               ; 0 (0)                     ; 0           ; 0          ; 0            ; 0       ; 0         ; 0    ; 0            ; 0          ; |csa8|rca4:rca1        ; rca4        ; work         ;
;       |fa:fa1|             ; 1 (1)               ; 0 (0)                     ; 0           ; 0          ; 0            ; 0       ; 0         ; 0    ; 0            ; 0          ; |csa8|rca4:rca1|fa:fa1 ; fa          ; work         ;
;       |fa:fa2|             ; 1 (1)               ; 0 (0)                     ; 0           ; 0          ; 0            ; 0       ; 0         ; 0    ; 0            ; 0          ; |csa8|rca4:rca1|fa:fa2 ; fa          ; work         ;
;    |rca4:rca2|             ; 5 (0)               ; 0 (0)                     ; 0           ; 0          ; 0            ; 0       ; 0         ; 0    ; 0            ; 0          ; |csa8|rca4:rca2        ; rca4        ; work         ;
;       |fa:fa1|             ; 2 (2)               ; 0 (0)                     ; 0           ; 0          ; 0            ; 0       ; 0         ; 0    ; 0            ; 0          ; |csa8|rca4:rca2|fa:fa1 ; fa          ; work         ;
;       |fa:fa2|             ; 2 (2)               ; 0 (0)                     ; 0           ; 0          ; 0            ; 0       ; 0         ; 0    ; 0            ; 0          ; |csa8|rca4:rca2|fa:fa2 ; fa          ; work         ;
;       |fa:fa3|             ; 1 (1)               ; 0 (0)                     ; 0           ; 0          ; 0            ; 0       ; 0         ; 0    ; 0            ; 0          ; |csa8|rca4:rca2|fa:fa3 ; fa          ; work         ;
+----------------------------+---------------------+---------------------------+-------------+------------+--------------+---------+-----------+------+--------------+------------+------------------------+-------------+--------------+
Note: For table entries with two numbers listed, the numbers in parentheses indicate the number of resources of the given type used by the specific entity alone. The numbers listed outside of parentheses indicate the total resources of the given type used by the specific entity and all of its sub-entities in the hierarchy.


+------------------------------------------------------+
; General Register Statistics                          ;
+----------------------------------------------+-------+
; Statistic                                    ; Value ;
+----------------------------------------------+-------+
; Total registers                              ; 0     ;
; Number of registers using Synchronous Clear  ; 0     ;
; Number of registers using Synchronous Load   ; 0     ;
; Number of registers using Asynchronous Clear ; 0     ;
; Number of registers using Asynchronous Load  ; 0     ;
; Number of registers using Clock Enable       ; 0     ;
; Number of registers using Preset             ; 0     ;
+----------------------------------------------+-------+


+-----------------------------------------------------------------------------------------------------------------------------------------------------------------------------------------------------------------+
; Port Connectivity Checks: "rca4:rca2"                                                                                                                                                                           ;
+---------+-------+----------+------------------------------------------------------------------------------------------------------------------------------------------------------------------------------------+
; Port    ; Type  ; Severity ; Details                                                                                                                                                                            ;
+---------+-------+----------+------------------------------------------------------------------------------------------------------------------------------------------------------------------------------------+
; cin     ; Input ; Warning  ; Input port expression (32 bits) is wider than the input port (1 bits) it drives.  The 31 most-significant bit(s) in the expression will be dangling if they have no other fanouts. ;
; cin[-1] ; Input ; Info     ; Stuck at VCC                                                                                                                                                                       ;
+---------+-------+----------+------------------------------------------------------------------------------------------------------------------------------------------------------------------------------------+


+-----------------------------------------------------------------------------------------------------------------------------------------------------------------------------------------------------------------+
; Port Connectivity Checks: "rca4:rca1"                                                                                                                                                                           ;
+---------+-------+----------+------------------------------------------------------------------------------------------------------------------------------------------------------------------------------------+
; Port    ; Type  ; Severity ; Details                                                                                                                                                                            ;
+---------+-------+----------+------------------------------------------------------------------------------------------------------------------------------------------------------------------------------------+
; cin     ; Input ; Warning  ; Input port expression (32 bits) is wider than the input port (1 bits) it drives.  The 31 most-significant bit(s) in the expression will be dangling if they have no other fanouts. ;
; cin[-1] ; Input ; Info     ; Stuck at GND                                                                                                                                                                       ;
+---------+-------+----------+------------------------------------------------------------------------------------------------------------------------------------------------------------------------------------+


+-----------------------------------------------------+
; Post-Synthesis Netlist Statistics for Top Partition ;
+-----------------------+-----------------------------+
; Type                  ; Count                       ;
+-----------------------+-----------------------------+
; boundary_port         ; 26                          ;
; cycloneiii_lcell_comb ; 21                          ;
;     normal            ; 21                          ;
;         2 data inputs ; 3                           ;
;         3 data inputs ; 13                          ;
;         4 data inputs ; 5                           ;
;                       ;                             ;
; Max LUT depth         ; 6.00                        ;
; Average LUT depth     ; 4.11                        ;
+-----------------------+-----------------------------+


+-------------------------------+
; Elapsed Time Per Partition    ;
+----------------+--------------+
; Partition Name ; Elapsed Time ;
+----------------+--------------+
; Top            ; 00:00:00     ;
+----------------+--------------+


+-------------------------------+
; Analysis & Synthesis Messages ;
+-------------------------------+
Info: *******************************************************************
Info: Running Quartus Prime Analysis & Synthesis
    Info: Version 23.1std.0 Build 991 11/28/2023 SC Lite Edition
    Info: Processing started: Fri Mar  8 05:55:24 2024
Info: Command: quartus_map --read_settings_files=on --write_settings_files=off Lab2Part2 -c Lab2Part2
Warning (18236): Number of processors has not been specified which may cause overloading on shared machines.  Set the global assignment NUM_PARALLEL_PROCESSORS in your QSF to an appropriate value for best performance.
Info (20030): Parallel compilation is enabled and will use 2 of the 2 processors detected
Info (12021): Found 1 design units, including 1 entities, in source file rca4_tb.v
    Info (12023): Found entity 1: rca4_tb File: C:/Users/XP/Documents/CPE 166/Lab2Part2/rca4_tb.v Line: 2
Info (12021): Found 1 design units, including 1 entities, in source file mux_2to1_tb.v
    Info (12023): Found entity 1: mux_2to1_tb File: C:/Users/XP/Documents/CPE 166/Lab2Part2/mux_2to1_tb.v Line: 2
Info (12021): Found 1 design units, including 1 entities, in source file mux4_2to1_tb.v
    Info (12023): Found entity 1: mux4_2to1_tb File: C:/Users/XP/Documents/CPE 166/Lab2Part2/mux4_2to1_tb.v Line: 2
Info (12021): Found 1 design units, including 1 entities, in source file rca4.v
    Info (12023): Found entity 1: rca4 File: C:/Users/XP/Documents/CPE 166/Lab2Part2/rca4.v Line: 2
Info (12021): Found 1 design units, including 1 entities, in source file mux_2to1.v
    Info (12023): Found entity 1: mux_2to1 File: C:/Users/XP/Documents/CPE 166/Lab2Part2/mux_2to1.v Line: 2
Info (12021): Found 1 design units, including 1 entities, in source file mux4_2to1.v
    Info (12023): Found entity 1: mux4_2to1 File: C:/Users/XP/Documents/CPE 166/Lab2Part2/mux4_2to1.v Line: 2
Warning (12019): Can't analyze file -- file ha.v is missing
Info (12021): Found 1 design units, including 1 entities, in source file fa.v
    Info (12023): Found entity 1: fa File: C:/Users/XP/Documents/CPE 166/Lab2Part2/fa.v Line: 2
Info (12021): Found 1 design units, including 1 entities, in source file csa8_tb.v
    Info (12023): Found entity 1: csa8_tb File: C:/Users/XP/Documents/CPE 166/Lab2Part2/csa8_tb.v Line: 2
Info (12021): Found 1 design units, including 1 entities, in source file csa8.v
    Info (12023): Found entity 1: csa8 File: C:/Users/XP/Documents/CPE 166/Lab2Part2/csa8.v Line: 2
Info (12127): Elaborating entity "csa8" for the top level hierarchy
Info (12128): Elaborating entity "rca4" for hierarchy "rca4:rca0" File: C:/Users/XP/Documents/CPE 166/Lab2Part2/csa8.v Line: 19
Info (12128): Elaborating entity "fa" for hierarchy "rca4:rca0|fa:fa0" File: C:/Users/XP/Documents/CPE 166/Lab2Part2/rca4.v Line: 12
Info (12128): Elaborating entity "mux_2to1" for hierarchy "mux_2to1:mux" File: C:/Users/XP/Documents/CPE 166/Lab2Part2/csa8.v Line: 23
Info (12128): Elaborating entity "mux4_2to1" for hierarchy "mux4_2to1:muxb" File: C:/Users/XP/Documents/CPE 166/Lab2Part2/csa8.v Line: 24
Warning (12241): 2 hierarchies have connectivity warnings - see the Connectivity Checks report folder
Info (286030): Timing-Driven Synthesis is running
Info (16010): Generating hard_block partition "hard_block:auto_generated_inst"
    Info (16011): Adding 0 node(s), including 0 DDIO, 0 PLL, 0 transceiver and 0 LCELL
Info (21057): Implemented 47 device resources after synthesis - the final resource count might be different
    Info (21058): Implemented 17 input pins
    Info (21059): Implemented 9 output pins
    Info (21061): Implemented 21 logic cells
Info: Quartus Prime Analysis & Synthesis was successful. 0 errors, 3 warnings
    Info: Peak virtual memory: 4735 megabytes
    Info: Processing ended: Fri Mar  8 05:55:32 2024
    Info: Elapsed time: 00:00:08
    Info: Total CPU time (on all processors): 00:00:11


